<?xml version="1.0" encoding="UTF-8"?>
<testsuites name="Run_All_Test_Cases" time="1722.732" tests="67" failures="7" errors="1">
   <testsuite name="Run_All_Test_Cases" tests="67" failures="7" errors="1" time="1722.732" skipped="0" timestamp="2021-05-29 03:52:04" hostname="phuc - 192.168.0.4" id="Test Suites/1712666/Run_All_Test_Cases">
      <properties>
[...]
</properties>
      <testcase name="Test Cases/1412263/TC01_Login" time="31.398" classname="Test Cases/1412263/TC01_Login" status="PASSED">
         <system-out><![CDATA[2021-05-29 03:52:05 - [TEST_CASE][PASSED] - Test Cases/1412263/TC01_Login: Test Cases/1412263/TC01_Login

2021-05-29 03:52:06 - [TEST_STEP][PASSED] - openBrowser(""): Browser is opened with url: ''

2021-05-29 03:52:06 - [MESSAGE][INFO] - Starting 'Chrome' driver

2021-05-29 03:52:07 - [MESSAGE][INFO] - Action delay is set to 0 milliseconds

2021-05-29 03:52:10 - [MESSAGE][PASSED] - Browser is opened with url: ''

2021-05-29 03:52:10 - [TEST_STEP][PASSED] - navigateToUrl("http://mattermostwebapp.herokuapp.com/"): Navigate to 'http://mattermostwebapp.herokuapp.com/' successfully

2021-05-29 03:52:13 - [MESSAGE][PASSED] - Navigate to 'http://mattermostwebapp.herokuapp.com/' successfully

2021-05-29 03:52:13 - [TEST_STEP][PASSED] - for ([rowNum = 1, rowNum <= 5, (rowNum++)]): null

2021-05-29 03:52:13 - [TEST_STEP][PASSED] - setText(findTestObject("1412263_Page_Mattermost/input_All team communication in one place, _dcc84b"), findTestData("1412263/Data TC1 Login").getValue(1, rowNum)): Text 'huykhoi263' is set on object 'Object Repository/1412263_Page_Mattermost/input_All team communication in one place, _dcc84b'

2021-05-29 03:52:17 - [MESSAGE][PASSED] - Text 'huykhoi263' is set on object 'Object Repository/1412263_Page_Mattermost/input_All team communication in one place, _dcc84b'

2021-05-29 03:52:17 - [TEST_STEP][PASSED] - setEncryptedText(findTestObject("1412263_Page_Mattermost/input_All team communication in one place, _a3edc6"), findTestData("1412263/Data TC1 Login").getValue(2, rowNum)): Text ****** has been set on object 'Object Repository/1412263_Page_Mattermost/input_All team communication in one place, _a3edc6'

2021-05-29 03:52:17 - [MESSAGE][PASSED] - Text ****** has been set on object 'Object Repository/1412263_Page_Mattermost/input_All team communication in one place, _a3edc6'

2021-05-29 03:52:17 - [TEST_STEP][PASSED] - click(findTestObject("1412263_Page_Mattermost/button_Sign in")): Object: 'Object Repository/1412263_Page_Mattermost/button_Sign in' is clicked on

2021-05-29 03:52:18 - [MESSAGE][PASSED] - Object: 'Object Repository/1412263_Page_Mattermost/button_Sign in' is clicked on

2021-05-29 03:52:18 - [TEST_STEP][PASSED] - Thread.sleep(2000): null

2021-05-29 03:52:20 - [TEST_STEP][PASSED] - setText(findTestObject("1412263_Page_Mattermost/input_All team communication in one place, _dcc84b"), findTestData("1412263/Data TC1 Login").getValue(1, rowNum)): Text 'huykhoi' is set on object 'Object Repository/1412263_Page_Mattermost/input_All team communication in one place, _dcc84b'

2021-05-29 03:52:21 - [MESSAGE][PASSED] - Text 'huykhoi' is set on object 'Object Repository/1412263_Page_Mattermost/input_All team communication in one place, _dcc84b'

2021-05-29 03:52:21 - [TEST_STEP][PASSED] - setEncryptedText(findTestObject("1412263_Page_Mattermost/input_All team communication in one place, _a3edc6"), findTestData("1412263/Data TC1 Login").getValue(2, rowNum)): Text ****** has been set on object 'Object Repository/1412263_Page_Mattermost/input_All team communication in one place, _a3edc6'

2021-05-29 03:52:21 - [MESSAGE][PASSED] - Text ****** has been set on object 'Object Repository/1412263_Page_Mattermost/input_All team communication in one place, _a3edc6'

2021-05-29 03:52:21 - [TEST_STEP][PASSED] - click(findTestObject("1412263_Page_Mattermost/button_Sign in")): Object: 'Object Repository/1412263_Page_Mattermost/button_Sign in' is clicked on

2021-05-29 03:52:22 - [MESSAGE][PASSED] - Object: 'Object Repository/1412263_Page_Mattermost/button_Sign in' is clicked on

2021-05-29 03:52:22 - [TEST_STEP][PASSED] - Thread.sleep(2000): null

2021-05-29 03:52:24 - [TEST_STEP][PASSED] - setText(findTestObject("1412263_Page_Mattermost/input_All team communication in one place, _dcc84b"), findTestData("1412263/Data TC1 Login").getValue(1, rowNum)): Text 'huykhoi' is set on object 'Object Repository/1412263_Page_Mattermost/input_All team communication in one place, _dcc84b'

2021-05-29 03:52:25 - [MESSAGE][PASSED] - Text 'huykhoi' is set on object 'Object Repository/1412263_Page_Mattermost/input_All team communication in one place, _dcc84b'

2021-05-29 03:52:25 - [TEST_STEP][PASSED] - setEncryptedText(findTestObject("1412263_Page_Mattermost/input_All team communication in one place, _a3edc6"), findTestData("1412263/Data TC1 Login").getValue(2, rowNum)): Text ****** has been set on object 'Object Repository/1412263_Page_Mattermost/input_All team communication in one place, _a3edc6'

2021-05-29 03:52:25 - [MESSAGE][PASSED] - Text ****** has been set on object 'Object Repository/1412263_Page_Mattermost/input_All team communication in one place, _a3edc6'

2021-05-29 03:52:25 - [TEST_STEP][PASSED] - click(findTestObject("1412263_Page_Mattermost/button_Sign in")): Object: 'Object Repository/1412263_Page_Mattermost/button_Sign in' is clicked on

2021-05-29 03:52:26 - [MESSAGE][PASSED] - Object: 'Object Repository/1412263_Page_Mattermost/button_Sign in' is clicked on

2021-05-29 03:52:26 - [TEST_STEP][PASSED] - Thread.sleep(2000): null

2021-05-29 03:52:28 - [TEST_STEP][PASSED] - setText(findTestObject("1412263_Page_Mattermost/input_All team communication in one place, _dcc84b"), findTestData("1412263/Data TC1 Login").getValue(1, rowNum)): Text 'huy' is set on object 'Object Repository/1412263_Page_Mattermost/input_All team communication in one place, _dcc84b'

2021-05-29 03:52:29 - [MESSAGE][PASSED] - Text 'huy' is set on object 'Object Repository/1412263_Page_Mattermost/input_All team communication in one place, _dcc84b'

2021-05-29 03:52:29 - [TEST_STEP][PASSED] - setEncryptedText(findTestObject("1412263_Page_Mattermost/input_All team communication in one place, _a3edc6"), findTestData("1412263/Data TC1 Login").getValue(2, rowNum)): Text ****** has been set on object 'Object Repository/1412263_Page_Mattermost/input_All team communication in one place, _a3edc6'

2021-05-29 03:52:29 - [MESSAGE][PASSED] - Text ****** has been set on object 'Object Repository/1412263_Page_Mattermost/input_All team communication in one place, _a3edc6'

2021-05-29 03:52:29 - [TEST_STEP][PASSED] - click(findTestObject("1412263_Page_Mattermost/button_Sign in")): Object: 'Object Repository/1412263_Page_Mattermost/button_Sign in' is clicked on

2021-05-29 03:52:30 - [MESSAGE][PASSED] - Object: 'Object Repository/1412263_Page_Mattermost/button_Sign in' is clicked on

2021-05-29 03:52:30 - [TEST_STEP][PASSED] - Thread.sleep(2000): null

2021-05-29 03:52:32 - [TEST_STEP][PASSED] - setText(findTestObject("1412263_Page_Mattermost/input_All team communication in one place, _dcc84b"), findTestData("1412263/Data TC1 Login").getValue(1, rowNum)): Text 'huykhoi263' is set on object 'Object Repository/1412263_Page_Mattermost/input_All team communication in one place, _dcc84b'

2021-05-29 03:52:33 - [MESSAGE][PASSED] - Text 'huykhoi263' is set on object 'Object Repository/1412263_Page_Mattermost/input_All team communication in one place, _dcc84b'

2021-05-29 03:52:33 - [TEST_STEP][PASSED] - setEncryptedText(findTestObject("1412263_Page_Mattermost/input_All team communication in one place, _a3edc6"), findTestData("1412263/Data TC1 Login").getValue(2, rowNum)): Text ****** has been set on object 'Object Repository/1412263_Page_Mattermost/input_All team communication in one place, _a3edc6'

2021-05-29 03:52:33 - [MESSAGE][PASSED] - Text ****** has been set on object 'Object Repository/1412263_Page_Mattermost/input_All team communication in one place, _a3edc6'

2021-05-29 03:52:33 - [TEST_STEP][PASSED] - click(findTestObject("1412263_Page_Mattermost/button_Sign in")): Object: 'Object Repository/1412263_Page_Mattermost/button_Sign in' is clicked on

2021-05-29 03:52:34 - [MESSAGE][PASSED] - Object: 'Object Repository/1412263_Page_Mattermost/button_Sign in' is clicked on

2021-05-29 03:52:34 - [TEST_STEP][PASSED] - Thread.sleep(2000): null

2021-05-29 03:52:36 - [TEST_STEP][PASSED] - closeBrowser(): Browser is closed

2021-05-29 03:52:36 - [MESSAGE][PASSED] - Browser is closed]]></system-out>
         <system-err><![CDATA[]]></system-err>
      </testcase>
      <testcase name="Test Cases/1412263/TC02_UpdatePassword" time="39.074" classname="Test Cases/1412263/TC02_UpdatePassword" status="PASSED">
         <system-out><![CDATA[2021-05-29 03:52:37 - [TEST_CASE][PASSED] - Test Cases/1412263/TC02_UpdatePassword: Test Cases/1412263/TC02_UpdatePassword

2021-05-29 03:52:37 - [TEST_STEP][PASSED] - openBrowser(""): Browser is opened with url: ''

2021-05-29 03:52:37 - [MESSAGE][INFO] - Starting 'Chrome' driver

2021-05-29 03:52:37 - [MESSAGE][INFO] - Action delay is set to 0 milliseconds

2021-05-29 03:52:38 - [MESSAGE][PASSED] - Browser is opened with url: ''

2021-05-29 03:52:38 - [TEST_STEP][PASSED] - navigateToUrl("http://mattermostwebapp.herokuapp.com/"): Navigate to 'http://mattermostwebapp.herokuapp.com/' successfully

2021-05-29 03:52:41 - [MESSAGE][PASSED] - Navigate to 'http://mattermostwebapp.herokuapp.com/' successfully

2021-05-29 03:52:41 - [TEST_STEP][PASSED] - setText(findTestObject("1412263_Page_Mattermost/input_All team communication in one place, _dcc84b"), "huykhoi263"): Text 'huykhoi263' is set on object 'Object Repository/1412263_Page_Mattermost/input_All team communication in one place, _dcc84b'

2021-05-29 03:52:46 - [MESSAGE][PASSED] - Text 'huykhoi263' is set on object 'Object Repository/1412263_Page_Mattermost/input_All team communication in one place, _dcc84b'

2021-05-29 03:52:46 - [TEST_STEP][PASSED] - setEncryptedText(findTestObject("1412263_Page_Mattermost/input_All team communication in one place, _a3edc6"), "o1rBehR+FzY2ClyWuSUtzg=="): Text ****** has been set on object 'Object Repository/1412263_Page_Mattermost/input_All team communication in one place, _a3edc6'

2021-05-29 03:52:47 - [MESSAGE][PASSED] - Text ****** has been set on object 'Object Repository/1412263_Page_Mattermost/input_All team communication in one place, _a3edc6'

2021-05-29 03:52:47 - [TEST_STEP][PASSED] - click(findTestObject("1412263_Page_Mattermost/button_Sign in")): Object: 'Object Repository/1412263_Page_Mattermost/button_Sign in' is clicked on

2021-05-29 03:52:47 - [MESSAGE][PASSED] - Object: 'Object Repository/1412263_Page_Mattermost/button_Sign in' is clicked on

2021-05-29 03:52:47 - [TEST_STEP][PASSED] - click(findTestObject("1412263_Page_Town Square - CNC_Nhom3 Mattermost/span")): Object: 'Object Repository/1412263_Page_Town Square - CNC_Nhom3 Mattermost/span' is clicked on

2021-05-29 03:52:51 - [MESSAGE][PASSED] - Object: 'Object Repository/1412263_Page_Town Square - CNC_Nhom3 Mattermost/span' is clicked on

2021-05-29 03:52:51 - [TEST_STEP][PASSED] - click(findTestObject("1412263_Page_Town Square - CNC_Nhom3 Mattermost/button_Account Settings")): Object: 'Object Repository/1412263_Page_Town Square - CNC_Nhom3 Mattermost/button_Account Settings' is clicked on

2021-05-29 03:52:52 - [MESSAGE][PASSED] - Object: 'Object Repository/1412263_Page_Town Square - CNC_Nhom3 Mattermost/button_Account Settings' is clicked on

2021-05-29 03:52:52 - [TEST_STEP][PASSED] - click(findTestObject("1412263_Page_Town Square - CNC_Nhom3 Mattermost/button_Security")): Object: 'Object Repository/1412263_Page_Town Square - CNC_Nhom3 Mattermost/button_Security' is clicked on

2021-05-29 03:52:52 - [MESSAGE][PASSED] - Object: 'Object Repository/1412263_Page_Town Square - CNC_Nhom3 Mattermost/button_Security' is clicked on

2021-05-29 03:52:52 - [TEST_STEP][PASSED] - for ([i = 1, i <= 5, (i++)]): null

2021-05-29 03:52:52 - [TEST_STEP][PASSED] - click(findTestObject("1412263_Page_Town Square - CNC_Nhom3 Mattermost/span_EditPassword")): Object: 'Object Repository/1412263_Page_Town Square - CNC_Nhom3 Mattermost/span_EditPassword' is clicked on

2021-05-29 03:52:53 - [MESSAGE][PASSED] - Object: 'Object Repository/1412263_Page_Town Square - CNC_Nhom3 Mattermost/span_EditPassword' is clicked on

2021-05-29 03:52:53 - [TEST_STEP][PASSED] - setEncryptedText(findTestObject("1412263_Page_Town Square - CNC_Nhom3 Mattermost/input_Current Password_currentPassword"), findTestData("1412263/Data TC2 UpdatePassword").getValue(1, i)): Text ****** has been set on object 'Object Repository/1412263_Page_Town Square - CNC_Nhom3 Mattermost/input_Current Password_currentPassword'

2021-05-29 03:52:53 - [MESSAGE][PASSED] - Text ****** has been set on object 'Object Repository/1412263_Page_Town Square - CNC_Nhom3 Mattermost/input_Current Password_currentPassword'

2021-05-29 03:52:53 - [TEST_STEP][PASSED] - setEncryptedText(findTestObject("1412263_Page_Town Square - CNC_Nhom3 Mattermost/input_New Password_newPassword"), findTestData("1412263/Data TC2 UpdatePassword").getValue(2, i)): Text ****** has been set on object 'Object Repository/1412263_Page_Town Square - CNC_Nhom3 Mattermost/input_New Password_newPassword'

2021-05-29 03:52:54 - [MESSAGE][PASSED] - Text ****** has been set on object 'Object Repository/1412263_Page_Town Square - CNC_Nhom3 Mattermost/input_New Password_newPassword'

2021-05-29 03:52:54 - [TEST_STEP][PASSED] - setEncryptedText(findTestObject("1412263_Page_Town Square - CNC_Nhom3 Mattermost/input_Retype New Password_confirmPassword"), findTestData("1412263/Data TC2 UpdatePassword").getValue(3, i)): Text ****** has been set on object 'Object Repository/1412263_Page_Town Square - CNC_Nhom3 Mattermost/input_Retype New Password_confirmPassword'

2021-05-29 03:52:54 - [MESSAGE][PASSED] - Text ****** has been set on object 'Object Repository/1412263_Page_Town Square - CNC_Nhom3 Mattermost/input_Retype New Password_confirmPassword'

2021-05-29 03:52:54 - [TEST_STEP][PASSED] - click(findTestObject("1412263_Page_Town Square - CNC_Nhom3 Mattermost/button_Save")): Object: 'Object Repository/1412263_Page_Town Square - CNC_Nhom3 Mattermost/button_Save' is clicked on

2021-05-29 03:52:55 - [MESSAGE][PASSED] - Object: 'Object Repository/1412263_Page_Town Square - CNC_Nhom3 Mattermost/button_Save' is clicked on

2021-05-29 03:52:55 - [TEST_STEP][PASSED] - Thread.sleep(2000): null

2021-05-29 03:52:57 - [TEST_STEP][PASSED] - click(findTestObject("1412263_Page_Town Square - CNC_Nhom3 Mattermost/span_EditPassword")): Object: 'Object Repository/1412263_Page_Town Square - CNC_Nhom3 Mattermost/span_EditPassword' is clicked on

2021-05-29 03:52:57 - [MESSAGE][PASSED] - Object: 'Object Repository/1412263_Page_Town Square - CNC_Nhom3 Mattermost/span_EditPassword' is clicked on

2021-05-29 03:52:57 - [TEST_STEP][PASSED] - setEncryptedText(findTestObject("1412263_Page_Town Square - CNC_Nhom3 Mattermost/input_Current Password_currentPassword"), findTestData("1412263/Data TC2 UpdatePassword").getValue(1, i)): Text ****** has been set on object 'Object Repository/1412263_Page_Town Square - CNC_Nhom3 Mattermost/input_Current Password_currentPassword'

2021-05-29 03:52:58 - [MESSAGE][PASSED] - Text ****** has been set on object 'Object Repository/1412263_Page_Town Square - CNC_Nhom3 Mattermost/input_Current Password_currentPassword'

2021-05-29 03:52:58 - [TEST_STEP][PASSED] - setEncryptedText(findTestObject("1412263_Page_Town Square - CNC_Nhom3 Mattermost/input_New Password_newPassword"), findTestData("1412263/Data TC2 UpdatePassword").getValue(2, i)): Text ****** has been set on object 'Object Repository/1412263_Page_Town Square - CNC_Nhom3 Mattermost/input_New Password_newPassword'

2021-05-29 03:52:58 - [MESSAGE][PASSED] - Text ****** has been set on object 'Object Repository/1412263_Page_Town Square - CNC_Nhom3 Mattermost/input_New Password_newPassword'

2021-05-29 03:52:58 - [TEST_STEP][PASSED] - setEncryptedText(findTestObject("1412263_Page_Town Square - CNC_Nhom3 Mattermost/input_Retype New Password_confirmPassword"), findTestData("1412263/Data TC2 UpdatePassword").getValue(3, i)): Text ****** has been set on object 'Object Repository/1412263_Page_Town Square - CNC_Nhom3 Mattermost/input_Retype New Password_confirmPassword'

2021-05-29 03:52:59 - [MESSAGE][PASSED] - Text ****** has been set on object 'Object Repository/1412263_Page_Town Square - CNC_Nhom3 Mattermost/input_Retype New Password_confirmPassword'

2021-05-29 03:52:59 - [TEST_STEP][PASSED] - click(findTestObject("1412263_Page_Town Square - CNC_Nhom3 Mattermost/button_Save")): Object: 'Object Repository/1412263_Page_Town Square - CNC_Nhom3 Mattermost/button_Save' is clicked on

2021-05-29 03:52:59 - [MESSAGE][PASSED] - Object: 'Object Repository/1412263_Page_Town Square - CNC_Nhom3 Mattermost/button_Save' is clicked on

2021-05-29 03:52:59 - [TEST_STEP][PASSED] - Thread.sleep(2000): null

2021-05-29 03:53:01 - [TEST_STEP][PASSED] - click(findTestObject("1412263_Page_Town Square - CNC_Nhom3 Mattermost/span_EditPassword")): Object: 'Object Repository/1412263_Page_Town Square - CNC_Nhom3 Mattermost/span_EditPassword' is clicked on

2021-05-29 03:53:01 - [MESSAGE][PASSED] - Object: 'Object Repository/1412263_Page_Town Square - CNC_Nhom3 Mattermost/span_EditPassword' is clicked on

2021-05-29 03:53:01 - [TEST_STEP][PASSED] - setEncryptedText(findTestObject("1412263_Page_Town Square - CNC_Nhom3 Mattermost/input_Current Password_currentPassword"), findTestData("1412263/Data TC2 UpdatePassword").getValue(1, i)): Text ****** has been set on object 'Object Repository/1412263_Page_Town Square - CNC_Nhom3 Mattermost/input_Current Password_currentPassword'

2021-05-29 03:53:02 - [MESSAGE][PASSED] - Text ****** has been set on object 'Object Repository/1412263_Page_Town Square - CNC_Nhom3 Mattermost/input_Current Password_currentPassword'

2021-05-29 03:53:02 - [TEST_STEP][PASSED] - setEncryptedText(findTestObject("1412263_Page_Town Square - CNC_Nhom3 Mattermost/input_New Password_newPassword"), findTestData("1412263/Data TC2 UpdatePassword").getValue(2, i)): Text ****** has been set on object 'Object Repository/1412263_Page_Town Square - CNC_Nhom3 Mattermost/input_New Password_newPassword'

2021-05-29 03:53:02 - [MESSAGE][PASSED] - Text ****** has been set on object 'Object Repository/1412263_Page_Town Square - CNC_Nhom3 Mattermost/input_New Password_newPassword'

2021-05-29 03:53:02 - [TEST_STEP][PASSED] - setEncryptedText(findTestObject("1412263_Page_Town Square - CNC_Nhom3 Mattermost/input_Retype New Password_confirmPassword"), findTestData("1412263/Data TC2 UpdatePassword").getValue(3, i)): Text ****** has been set on object 'Object Repository/1412263_Page_Town Square - CNC_Nhom3 Mattermost/input_Retype New Password_confirmPassword'

2021-05-29 03:53:03 - [MESSAGE][PASSED] - Text ****** has been set on object 'Object Repository/1412263_Page_Town Square - CNC_Nhom3 Mattermost/input_Retype New Password_confirmPassword'

2021-05-29 03:53:03 - [TEST_STEP][PASSED] - click(findTestObject("1412263_Page_Town Square - CNC_Nhom3 Mattermost/button_Save")): Object: 'Object Repository/1412263_Page_Town Square - CNC_Nhom3 Mattermost/button_Save' is clicked on

2021-05-29 03:53:03 - [MESSAGE][PASSED] - Object: 'Object Repository/1412263_Page_Town Square - CNC_Nhom3 Mattermost/button_Save' is clicked on

2021-05-29 03:53:03 - [TEST_STEP][PASSED] - Thread.sleep(2000): null

2021-05-29 03:53:05 - [TEST_STEP][PASSED] - click(findTestObject("1412263_Page_Town Square - CNC_Nhom3 Mattermost/span_EditPassword")): Object: 'Object Repository/1412263_Page_Town Square - CNC_Nhom3 Mattermost/span_EditPassword' is clicked on

2021-05-29 03:53:06 - [MESSAGE][PASSED] - Object: 'Object Repository/1412263_Page_Town Square - CNC_Nhom3 Mattermost/span_EditPassword' is clicked on

2021-05-29 03:53:06 - [TEST_STEP][PASSED] - setEncryptedText(findTestObject("1412263_Page_Town Square - CNC_Nhom3 Mattermost/input_Current Password_currentPassword"), findTestData("1412263/Data TC2 UpdatePassword").getValue(1, i)): Text ****** has been set on object 'Object Repository/1412263_Page_Town Square - CNC_Nhom3 Mattermost/input_Current Password_currentPassword'

2021-05-29 03:53:06 - [MESSAGE][PASSED] - Text ****** has been set on object 'Object Repository/1412263_Page_Town Square - CNC_Nhom3 Mattermost/input_Current Password_currentPassword'

2021-05-29 03:53:06 - [TEST_STEP][PASSED] - setEncryptedText(findTestObject("1412263_Page_Town Square - CNC_Nhom3 Mattermost/input_New Password_newPassword"), findTestData("1412263/Data TC2 UpdatePassword").getValue(2, i)): Text ****** has been set on object 'Object Repository/1412263_Page_Town Square - CNC_Nhom3 Mattermost/input_New Password_newPassword'

2021-05-29 03:53:07 - [MESSAGE][PASSED] - Text ****** has been set on object 'Object Repository/1412263_Page_Town Square - CNC_Nhom3 Mattermost/input_New Password_newPassword'

2021-05-29 03:53:07 - [TEST_STEP][PASSED] - setEncryptedText(findTestObject("1412263_Page_Town Square - CNC_Nhom3 Mattermost/input_Retype New Password_confirmPassword"), findTestData("1412263/Data TC2 UpdatePassword").getValue(3, i)): Text ****** has been set on object 'Object Repository/1412263_Page_Town Square - CNC_Nhom3 Mattermost/input_Retype New Password_confirmPassword'

2021-05-29 03:53:07 - [MESSAGE][PASSED] - Text ****** has been set on object 'Object Repository/1412263_Page_Town Square - CNC_Nhom3 Mattermost/input_Retype New Password_confirmPassword'

2021-05-29 03:53:07 - [TEST_STEP][PASSED] - click(findTestObject("1412263_Page_Town Square - CNC_Nhom3 Mattermost/button_Save")): Object: 'Object Repository/1412263_Page_Town Square - CNC_Nhom3 Mattermost/button_Save' is clicked on

2021-05-29 03:53:08 - [MESSAGE][PASSED] - Object: 'Object Repository/1412263_Page_Town Square - CNC_Nhom3 Mattermost/button_Save' is clicked on

2021-05-29 03:53:08 - [TEST_STEP][PASSED] - Thread.sleep(2000): null

2021-05-29 03:53:10 - [TEST_STEP][PASSED] - click(findTestObject("1412263_Page_Town Square - CNC_Nhom3 Mattermost/span_EditPassword")): Object: 'Object Repository/1412263_Page_Town Square - CNC_Nhom3 Mattermost/span_EditPassword' is clicked on

2021-05-29 03:53:10 - [MESSAGE][PASSED] - Object: 'Object Repository/1412263_Page_Town Square - CNC_Nhom3 Mattermost/span_EditPassword' is clicked on

2021-05-29 03:53:10 - [TEST_STEP][PASSED] - setEncryptedText(findTestObject("1412263_Page_Town Square - CNC_Nhom3 Mattermost/input_Current Password_currentPassword"), findTestData("1412263/Data TC2 UpdatePassword").getValue(1, i)): Text ****** has been set on object 'Object Repository/1412263_Page_Town Square - CNC_Nhom3 Mattermost/input_Current Password_currentPassword'

2021-05-29 03:53:11 - [MESSAGE][PASSED] - Text ****** has been set on object 'Object Repository/1412263_Page_Town Square - CNC_Nhom3 Mattermost/input_Current Password_currentPassword'

2021-05-29 03:53:11 - [TEST_STEP][PASSED] - setEncryptedText(findTestObject("1412263_Page_Town Square - CNC_Nhom3 Mattermost/input_New Password_newPassword"), findTestData("1412263/Data TC2 UpdatePassword").getValue(2, i)): Text ****** has been set on object 'Object Repository/1412263_Page_Town Square - CNC_Nhom3 Mattermost/input_New Password_newPassword'

2021-05-29 03:53:11 - [MESSAGE][PASSED] - Text ****** has been set on object 'Object Repository/1412263_Page_Town Square - CNC_Nhom3 Mattermost/input_New Password_newPassword'

2021-05-29 03:53:11 - [TEST_STEP][PASSED] - setEncryptedText(findTestObject("1412263_Page_Town Square - CNC_Nhom3 Mattermost/input_Retype New Password_confirmPassword"), findTestData("1412263/Data TC2 UpdatePassword").getValue(3, i)): Text ****** has been set on object 'Object Repository/1412263_Page_Town Square - CNC_Nhom3 Mattermost/input_Retype New Password_confirmPassword'

2021-05-29 03:53:12 - [MESSAGE][PASSED] - Text ****** has been set on object 'Object Repository/1412263_Page_Town Square - CNC_Nhom3 Mattermost/input_Retype New Password_confirmPassword'

2021-05-29 03:53:12 - [TEST_STEP][PASSED] - click(findTestObject("1412263_Page_Town Square - CNC_Nhom3 Mattermost/button_Save")): Object: 'Object Repository/1412263_Page_Town Square - CNC_Nhom3 Mattermost/button_Save' is clicked on

2021-05-29 03:53:12 - [MESSAGE][PASSED] - Object: 'Object Repository/1412263_Page_Town Square - CNC_Nhom3 Mattermost/button_Save' is clicked on

2021-05-29 03:53:12 - [TEST_STEP][PASSED] - Thread.sleep(2000): null

2021-05-29 03:53:14 - [TEST_STEP][PASSED] - click(findTestObject("1412263_Page_Town Square - CNC_Nhom3 Mattermost/span_")): Object: 'Object Repository/1412263_Page_Town Square - CNC_Nhom3 Mattermost/span_' is clicked on

2021-05-29 03:53:15 - [MESSAGE][PASSED] - Object: 'Object Repository/1412263_Page_Town Square - CNC_Nhom3 Mattermost/span_' is clicked on

2021-05-29 03:53:15 - [TEST_STEP][PASSED] - closeBrowser(): Browser is closed

2021-05-29 03:53:16 - [MESSAGE][PASSED] - Browser is closed]]></system-out>
         <system-err><![CDATA[]]></system-err>
      </testcase>
      <testcase name="Test Cases/1412263/TC03_UpdateFullName" time="41.536" classname="Test Cases/1412263/TC03_UpdateFullName" status="PASSED">
         <system-out><![CDATA[2021-05-29 03:53:16 - [TEST_CASE][PASSED] - Test Cases/1412263/TC03_UpdateFullName: Test Cases/1412263/TC03_UpdateFullName

2021-05-29 03:53:16 - [TEST_STEP][PASSED] - openBrowser(""): Browser is opened with url: ''

2021-05-29 03:53:16 - [MESSAGE][INFO] - Starting 'Chrome' driver

2021-05-29 03:53:16 - [MESSAGE][INFO] - Action delay is set to 0 milliseconds

2021-05-29 03:53:17 - [MESSAGE][PASSED] - Browser is opened with url: ''

2021-05-29 03:53:17 - [TEST_STEP][PASSED] - navigateToUrl("http://mattermostwebapp.herokuapp.com/"): Navigate to 'http://mattermostwebapp.herokuapp.com/' successfully

2021-05-29 03:53:21 - [MESSAGE][PASSED] - Navigate to 'http://mattermostwebapp.herokuapp.com/' successfully

2021-05-29 03:53:21 - [TEST_STEP][PASSED] - setText(findTestObject("1412263_Page_Mattermost/input_All team communication in one place, _dcc84b"), "huykhoi263"): Text 'huykhoi263' is set on object 'Object Repository/1412263_Page_Mattermost/input_All team communication in one place, _dcc84b'

2021-05-29 03:53:26 - [MESSAGE][PASSED] - Text 'huykhoi263' is set on object 'Object Repository/1412263_Page_Mattermost/input_All team communication in one place, _dcc84b'

2021-05-29 03:53:26 - [TEST_STEP][PASSED] - setEncryptedText(findTestObject("1412263_Page_Mattermost/input_All team communication in one place, _a3edc6"), "o1rBehR+FzY2ClyWuSUtzg=="): Text ****** has been set on object 'Object Repository/1412263_Page_Mattermost/input_All team communication in one place, _a3edc6'

2021-05-29 03:53:27 - [MESSAGE][PASSED] - Text ****** has been set on object 'Object Repository/1412263_Page_Mattermost/input_All team communication in one place, _a3edc6'

2021-05-29 03:53:27 - [TEST_STEP][PASSED] - click(findTestObject("1412263_Page_Mattermost/button_Sign in")): Object: 'Object Repository/1412263_Page_Mattermost/button_Sign in' is clicked on

2021-05-29 03:53:27 - [MESSAGE][PASSED] - Object: 'Object Repository/1412263_Page_Mattermost/button_Sign in' is clicked on

2021-05-29 03:53:27 - [TEST_STEP][PASSED] - click(findTestObject("1412263_Page_Town Square - CNC_Nhom3 Mattermost/span")): Object: 'Object Repository/1412263_Page_Town Square - CNC_Nhom3 Mattermost/span' is clicked on

2021-05-29 03:53:31 - [MESSAGE][PASSED] - Object: 'Object Repository/1412263_Page_Town Square - CNC_Nhom3 Mattermost/span' is clicked on

2021-05-29 03:53:31 - [TEST_STEP][PASSED] - click(findTestObject("1412263_Page_Town Square - CNC_Nhom3 Mattermost/button_Account Settings")): Object: 'Object Repository/1412263_Page_Town Square - CNC_Nhom3 Mattermost/button_Account Settings' is clicked on

2021-05-29 03:53:32 - [MESSAGE][PASSED] - Object: 'Object Repository/1412263_Page_Town Square - CNC_Nhom3 Mattermost/button_Account Settings' is clicked on

2021-05-29 03:53:32 - [TEST_STEP][PASSED] - for ([i = 1, i <= 5, (i++)]): null

2021-05-29 03:53:32 - [TEST_STEP][PASSED] - click(findTestObject("1412263_Page_Town Square - CNC_Nhom3 Mattermost/span_EditFullname")): Object: 'Object Repository/1412263_Page_Town Square - CNC_Nhom3 Mattermost/span_EditFullname' is clicked on

2021-05-29 03:53:32 - [MESSAGE][PASSED] - Object: 'Object Repository/1412263_Page_Town Square - CNC_Nhom3 Mattermost/span_EditFullname' is clicked on

2021-05-29 03:53:32 - [TEST_STEP][PASSED] - setText(findTestObject("1412263_Page_Town Square - CNC_Nhom3 Mattermost/input_First Name_firstName"), findTestData("1412263/Data TC3 UpdateFullName").getValue(1, i)): Text 'Nguyen' is set on object 'Object Repository/1412263_Page_Town Square - CNC_Nhom3 Mattermost/input_First Name_firstName'

2021-05-29 03:53:33 - [MESSAGE][PASSED] - Text 'Nguyen' is set on object 'Object Repository/1412263_Page_Town Square - CNC_Nhom3 Mattermost/input_First Name_firstName'

2021-05-29 03:53:33 - [TEST_STEP][PASSED] - setText(findTestObject("1412263_Page_Town Square - CNC_Nhom3 Mattermost/input_Last Name_lastName"), findTestData("1412263/Data TC3 UpdateFullName").getValue(2, i)): Text 'Huy Khoi' is set on object 'Object Repository/1412263_Page_Town Square - CNC_Nhom3 Mattermost/input_Last Name_lastName'

2021-05-29 03:53:34 - [MESSAGE][PASSED] - Text 'Huy Khoi' is set on object 'Object Repository/1412263_Page_Town Square - CNC_Nhom3 Mattermost/input_Last Name_lastName'

2021-05-29 03:53:34 - [TEST_STEP][PASSED] - click(findTestObject("1412263_Page_Town Square - CNC_Nhom3 Mattermost/span_Save")): Object: 'Object Repository/1412263_Page_Town Square - CNC_Nhom3 Mattermost/span_Save' is clicked on

2021-05-29 03:53:35 - [MESSAGE][PASSED] - Object: 'Object Repository/1412263_Page_Town Square - CNC_Nhom3 Mattermost/span_Save' is clicked on

2021-05-29 03:53:35 - [TEST_STEP][PASSED] - Thread.sleep(2000): null

2021-05-29 03:53:37 - [TEST_STEP][PASSED] - click(findTestObject("1412263_Page_Town Square - CNC_Nhom3 Mattermost/span_EditFullname")): Object: 'Object Repository/1412263_Page_Town Square - CNC_Nhom3 Mattermost/span_EditFullname' is clicked on

2021-05-29 03:53:37 - [MESSAGE][PASSED] - Object: 'Object Repository/1412263_Page_Town Square - CNC_Nhom3 Mattermost/span_EditFullname' is clicked on

2021-05-29 03:53:37 - [TEST_STEP][PASSED] - setText(findTestObject("1412263_Page_Town Square - CNC_Nhom3 Mattermost/input_First Name_firstName"), findTestData("1412263/Data TC3 UpdateFullName").getValue(1, i)): Text 'Tran' is set on object 'Object Repository/1412263_Page_Town Square - CNC_Nhom3 Mattermost/input_First Name_firstName'

2021-05-29 03:53:38 - [MESSAGE][PASSED] - Text 'Tran' is set on object 'Object Repository/1412263_Page_Town Square - CNC_Nhom3 Mattermost/input_First Name_firstName'

2021-05-29 03:53:38 - [TEST_STEP][PASSED] - setText(findTestObject("1412263_Page_Town Square - CNC_Nhom3 Mattermost/input_Last Name_lastName"), findTestData("1412263/Data TC3 UpdateFullName").getValue(2, i)): Text 'Van A' is set on object 'Object Repository/1412263_Page_Town Square - CNC_Nhom3 Mattermost/input_Last Name_lastName'

2021-05-29 03:53:39 - [MESSAGE][PASSED] - Text 'Van A' is set on object 'Object Repository/1412263_Page_Town Square - CNC_Nhom3 Mattermost/input_Last Name_lastName'

2021-05-29 03:53:39 - [TEST_STEP][PASSED] - click(findTestObject("1412263_Page_Town Square - CNC_Nhom3 Mattermost/span_Save")): Object: 'Object Repository/1412263_Page_Town Square - CNC_Nhom3 Mattermost/span_Save' is clicked on

2021-05-29 03:53:40 - [MESSAGE][PASSED] - Object: 'Object Repository/1412263_Page_Town Square - CNC_Nhom3 Mattermost/span_Save' is clicked on

2021-05-29 03:53:40 - [TEST_STEP][PASSED] - Thread.sleep(2000): null

2021-05-29 03:53:42 - [TEST_STEP][PASSED] - click(findTestObject("1412263_Page_Town Square - CNC_Nhom3 Mattermost/span_EditFullname")): Object: 'Object Repository/1412263_Page_Town Square - CNC_Nhom3 Mattermost/span_EditFullname' is clicked on

2021-05-29 03:53:42 - [MESSAGE][PASSED] - Object: 'Object Repository/1412263_Page_Town Square - CNC_Nhom3 Mattermost/span_EditFullname' is clicked on

2021-05-29 03:53:42 - [TEST_STEP][PASSED] - setText(findTestObject("1412263_Page_Town Square - CNC_Nhom3 Mattermost/input_First Name_firstName"), findTestData("1412263/Data TC3 UpdateFullName").getValue(1, i)): Text 'Nguyen' is set on object 'Object Repository/1412263_Page_Town Square - CNC_Nhom3 Mattermost/input_First Name_firstName'

2021-05-29 03:53:43 - [MESSAGE][PASSED] - Text 'Nguyen' is set on object 'Object Repository/1412263_Page_Town Square - CNC_Nhom3 Mattermost/input_First Name_firstName'

2021-05-29 03:53:43 - [TEST_STEP][PASSED] - setText(findTestObject("1412263_Page_Town Square - CNC_Nhom3 Mattermost/input_Last Name_lastName"), findTestData("1412263/Data TC3 UpdateFullName").getValue(2, i)): Text 'Thi B' is set on object 'Object Repository/1412263_Page_Town Square - CNC_Nhom3 Mattermost/input_Last Name_lastName'

2021-05-29 03:53:44 - [MESSAGE][PASSED] - Text 'Thi B' is set on object 'Object Repository/1412263_Page_Town Square - CNC_Nhom3 Mattermost/input_Last Name_lastName'

2021-05-29 03:53:44 - [TEST_STEP][PASSED] - click(findTestObject("1412263_Page_Town Square - CNC_Nhom3 Mattermost/span_Save")): Object: 'Object Repository/1412263_Page_Town Square - CNC_Nhom3 Mattermost/span_Save' is clicked on

2021-05-29 03:53:44 - [MESSAGE][PASSED] - Object: 'Object Repository/1412263_Page_Town Square - CNC_Nhom3 Mattermost/span_Save' is clicked on

2021-05-29 03:53:44 - [TEST_STEP][PASSED] - Thread.sleep(2000): null

2021-05-29 03:53:46 - [TEST_STEP][PASSED] - click(findTestObject("1412263_Page_Town Square - CNC_Nhom3 Mattermost/span_EditFullname")): Object: 'Object Repository/1412263_Page_Town Square - CNC_Nhom3 Mattermost/span_EditFullname' is clicked on

2021-05-29 03:53:47 - [MESSAGE][PASSED] - Object: 'Object Repository/1412263_Page_Town Square - CNC_Nhom3 Mattermost/span_EditFullname' is clicked on

2021-05-29 03:53:47 - [TEST_STEP][PASSED] - setText(findTestObject("1412263_Page_Town Square - CNC_Nhom3 Mattermost/input_First Name_firstName"), findTestData("1412263/Data TC3 UpdateFullName").getValue(1, i)): Text 'ABC' is set on object 'Object Repository/1412263_Page_Town Square - CNC_Nhom3 Mattermost/input_First Name_firstName'

2021-05-29 03:53:48 - [MESSAGE][PASSED] - Text 'ABC' is set on object 'Object Repository/1412263_Page_Town Square - CNC_Nhom3 Mattermost/input_First Name_firstName'

2021-05-29 03:53:48 - [TEST_STEP][PASSED] - setText(findTestObject("1412263_Page_Town Square - CNC_Nhom3 Mattermost/input_Last Name_lastName"), findTestData("1412263/Data TC3 UpdateFullName").getValue(2, i)): Text '346$%%$&><>Z?' is set on object 'Object Repository/1412263_Page_Town Square - CNC_Nhom3 Mattermost/input_Last Name_lastName'

2021-05-29 03:53:49 - [MESSAGE][PASSED] - Text '346$%%$&><>Z?' is set on object 'Object Repository/1412263_Page_Town Square - CNC_Nhom3 Mattermost/input_Last Name_lastName'

2021-05-29 03:53:49 - [TEST_STEP][PASSED] - click(findTestObject("1412263_Page_Town Square - CNC_Nhom3 Mattermost/span_Save")): Object: 'Object Repository/1412263_Page_Town Square - CNC_Nhom3 Mattermost/span_Save' is clicked on

2021-05-29 03:53:49 - [MESSAGE][PASSED] - Object: 'Object Repository/1412263_Page_Town Square - CNC_Nhom3 Mattermost/span_Save' is clicked on

2021-05-29 03:53:49 - [TEST_STEP][PASSED] - Thread.sleep(2000): null

2021-05-29 03:53:51 - [TEST_STEP][PASSED] - click(findTestObject("1412263_Page_Town Square - CNC_Nhom3 Mattermost/span_EditFullname")): Object: 'Object Repository/1412263_Page_Town Square - CNC_Nhom3 Mattermost/span_EditFullname' is clicked on

2021-05-29 03:53:51 - [MESSAGE][PASSED] - Object: 'Object Repository/1412263_Page_Town Square - CNC_Nhom3 Mattermost/span_EditFullname' is clicked on

2021-05-29 03:53:51 - [TEST_STEP][PASSED] - setText(findTestObject("1412263_Page_Town Square - CNC_Nhom3 Mattermost/input_First Name_firstName"), findTestData("1412263/Data TC3 UpdateFullName").getValue(1, i)): Text 'Huy Khoi' is set on object 'Object Repository/1412263_Page_Town Square - CNC_Nhom3 Mattermost/input_First Name_firstName'

2021-05-29 03:53:52 - [MESSAGE][PASSED] - Text 'Huy Khoi' is set on object 'Object Repository/1412263_Page_Town Square - CNC_Nhom3 Mattermost/input_First Name_firstName'

2021-05-29 03:53:52 - [TEST_STEP][PASSED] - setText(findTestObject("1412263_Page_Town Square - CNC_Nhom3 Mattermost/input_Last Name_lastName"), findTestData("1412263/Data TC3 UpdateFullName").getValue(2, i)): Text 'Nguyen' is set on object 'Object Repository/1412263_Page_Town Square - CNC_Nhom3 Mattermost/input_Last Name_lastName'

2021-05-29 03:53:53 - [MESSAGE][PASSED] - Text 'Nguyen' is set on object 'Object Repository/1412263_Page_Town Square - CNC_Nhom3 Mattermost/input_Last Name_lastName'

2021-05-29 03:53:53 - [TEST_STEP][PASSED] - click(findTestObject("1412263_Page_Town Square - CNC_Nhom3 Mattermost/span_Save")): Object: 'Object Repository/1412263_Page_Town Square - CNC_Nhom3 Mattermost/span_Save' is clicked on

2021-05-29 03:53:54 - [MESSAGE][PASSED] - Object: 'Object Repository/1412263_Page_Town Square - CNC_Nhom3 Mattermost/span_Save' is clicked on

2021-05-29 03:53:54 - [TEST_STEP][PASSED] - Thread.sleep(2000): null

2021-05-29 03:53:56 - [TEST_STEP][PASSED] - click(findTestObject("1412263_Page_Town Square - CNC_Nhom3 Mattermost/span_")): Object: 'Object Repository/1412263_Page_Town Square - CNC_Nhom3 Mattermost/span_' is clicked on

2021-05-29 03:53:56 - [MESSAGE][PASSED] - Object: 'Object Repository/1412263_Page_Town Square - CNC_Nhom3 Mattermost/span_' is clicked on

2021-05-29 03:53:56 - [TEST_STEP][PASSED] - closeBrowser(): Browser is closed

2021-05-29 03:53:57 - [MESSAGE][PASSED] - Browser is closed]]></system-out>
         <system-err><![CDATA[]]></system-err>
      </testcase>
      <testcase name="Test Cases/1412263/TC04_UpdateNickname" time="30.908" classname="Test Cases/1412263/TC04_UpdateNickname" status="PASSED">
         <system-out><![CDATA[2021-05-29 03:53:57 - [TEST_CASE][PASSED] - Test Cases/1412263/TC04_UpdateNickname: Test Cases/1412263/TC04_UpdateNickname

2021-05-29 03:53:58 - [TEST_STEP][PASSED] - openBrowser(""): Browser is opened with url: ''

2021-05-29 03:53:58 - [MESSAGE][INFO] - Starting 'Chrome' driver

2021-05-29 03:53:58 - [MESSAGE][INFO] - Action delay is set to 0 milliseconds

2021-05-29 03:53:59 - [MESSAGE][PASSED] - Browser is opened with url: ''

2021-05-29 03:53:59 - [TEST_STEP][PASSED] - navigateToUrl("http://mattermostwebapp.herokuapp.com/"): Navigate to 'http://mattermostwebapp.herokuapp.com/' successfully

2021-05-29 03:54:03 - [MESSAGE][PASSED] - Navigate to 'http://mattermostwebapp.herokuapp.com/' successfully

2021-05-29 03:54:03 - [TEST_STEP][PASSED] - setText(findTestObject("1412263_Page_Mattermost/input_All team communication in one place, _dcc84b"), "huykhoi263"): Text 'huykhoi263' is set on object 'Object Repository/1412263_Page_Mattermost/input_All team communication in one place, _dcc84b'

2021-05-29 03:54:06 - [MESSAGE][PASSED] - Text 'huykhoi263' is set on object 'Object Repository/1412263_Page_Mattermost/input_All team communication in one place, _dcc84b'

2021-05-29 03:54:06 - [TEST_STEP][PASSED] - setEncryptedText(findTestObject("1412263_Page_Mattermost/input_All team communication in one place, _a3edc6"), "o1rBehR+FzY2ClyWuSUtzg=="): Text ****** has been set on object 'Object Repository/1412263_Page_Mattermost/input_All team communication in one place, _a3edc6'

2021-05-29 03:54:07 - [MESSAGE][PASSED] - Text ****** has been set on object 'Object Repository/1412263_Page_Mattermost/input_All team communication in one place, _a3edc6'

2021-05-29 03:54:07 - [TEST_STEP][PASSED] - click(findTestObject("1412263_Page_Mattermost/button_Sign in")): Object: 'Object Repository/1412263_Page_Mattermost/button_Sign in' is clicked on

2021-05-29 03:54:07 - [MESSAGE][PASSED] - Object: 'Object Repository/1412263_Page_Mattermost/button_Sign in' is clicked on

2021-05-29 03:54:07 - [TEST_STEP][PASSED] - click(findTestObject("1412263_Page_Town Square - CNC_Nhom3 Mattermost/path")): Object: 'Object Repository/1412263_Page_Town Square - CNC_Nhom3 Mattermost/path' is clicked on

2021-05-29 03:54:11 - [MESSAGE][PASSED] - Object: 'Object Repository/1412263_Page_Town Square - CNC_Nhom3 Mattermost/path' is clicked on

2021-05-29 03:54:11 - [TEST_STEP][PASSED] - click(findTestObject("1412263_Page_Town Square - CNC_Nhom3 Mattermost/span_Account Settings")): Object: 'Object Repository/1412263_Page_Town Square - CNC_Nhom3 Mattermost/span_Account Settings' is clicked on

2021-05-29 03:54:12 - [MESSAGE][PASSED] - Object: 'Object Repository/1412263_Page_Town Square - CNC_Nhom3 Mattermost/span_Account Settings' is clicked on

2021-05-29 03:54:12 - [TEST_STEP][PASSED] - for ([i = 1, i <= 5, (i++)]): Object: 'Object Repository/1412263_Page_Town Square - CNC_Nhom3 Mattermost/span_Save' is clicked on

2021-05-29 03:54:12 - [TEST_STEP][PASSED] - click(findTestObject("1412263_Page_Town Square - CNC_Nhom3 Mattermost/span_EditNickname")): Object: 'Object Repository/1412263_Page_Town Square - CNC_Nhom3 Mattermost/span_EditNickname' is clicked on

2021-05-29 03:54:13 - [MESSAGE][PASSED] - Object: 'Object Repository/1412263_Page_Town Square - CNC_Nhom3 Mattermost/span_EditNickname' is clicked on

2021-05-29 03:54:13 - [TEST_STEP][PASSED] - setText(findTestObject("1412263_Page_Town Square - CNC_Nhom3 Mattermost/input_Nickname_nickname"), findTestData("1412263/Data TC3 UpdateFullName").getValue(2, i)): Text 'Huy Khoi' is set on object 'Object Repository/1412263_Page_Town Square - CNC_Nhom3 Mattermost/input_Nickname_nickname'

2021-05-29 03:54:14 - [MESSAGE][PASSED] - Text 'Huy Khoi' is set on object 'Object Repository/1412263_Page_Town Square - CNC_Nhom3 Mattermost/input_Nickname_nickname'

2021-05-29 03:54:14 - [TEST_STEP][PASSED] - click(findTestObject("1412263_Page_Town Square - CNC_Nhom3 Mattermost/span_Save")): Object: 'Object Repository/1412263_Page_Town Square - CNC_Nhom3 Mattermost/span_Save' is clicked on

2021-05-29 03:54:14 - [MESSAGE][PASSED] - Object: 'Object Repository/1412263_Page_Town Square - CNC_Nhom3 Mattermost/span_Save' is clicked on

2021-05-29 03:54:14 - [TEST_STEP][PASSED] - click(findTestObject("1412263_Page_Town Square - CNC_Nhom3 Mattermost/span_EditNickname")): Object: 'Object Repository/1412263_Page_Town Square - CNC_Nhom3 Mattermost/span_EditNickname' is clicked on

2021-05-29 03:54:16 - [MESSAGE][PASSED] - Object: 'Object Repository/1412263_Page_Town Square - CNC_Nhom3 Mattermost/span_EditNickname' is clicked on

2021-05-29 03:54:16 - [TEST_STEP][PASSED] - setText(findTestObject("1412263_Page_Town Square - CNC_Nhom3 Mattermost/input_Nickname_nickname"), findTestData("1412263/Data TC3 UpdateFullName").getValue(2, i)): Text 'Van A' is set on object 'Object Repository/1412263_Page_Town Square - CNC_Nhom3 Mattermost/input_Nickname_nickname'

2021-05-29 03:54:16 - [MESSAGE][PASSED] - Text 'Van A' is set on object 'Object Repository/1412263_Page_Town Square - CNC_Nhom3 Mattermost/input_Nickname_nickname'

2021-05-29 03:54:16 - [TEST_STEP][PASSED] - click(findTestObject("1412263_Page_Town Square - CNC_Nhom3 Mattermost/span_Save")): Object: 'Object Repository/1412263_Page_Town Square - CNC_Nhom3 Mattermost/span_Save' is clicked on

2021-05-29 03:54:17 - [MESSAGE][PASSED] - Object: 'Object Repository/1412263_Page_Town Square - CNC_Nhom3 Mattermost/span_Save' is clicked on

2021-05-29 03:54:17 - [TEST_STEP][PASSED] - click(findTestObject("1412263_Page_Town Square - CNC_Nhom3 Mattermost/span_EditNickname")): Object: 'Object Repository/1412263_Page_Town Square - CNC_Nhom3 Mattermost/span_EditNickname' is clicked on

2021-05-29 03:54:18 - [MESSAGE][PASSED] - Object: 'Object Repository/1412263_Page_Town Square - CNC_Nhom3 Mattermost/span_EditNickname' is clicked on

2021-05-29 03:54:18 - [TEST_STEP][PASSED] - setText(findTestObject("1412263_Page_Town Square - CNC_Nhom3 Mattermost/input_Nickname_nickname"), findTestData("1412263/Data TC3 UpdateFullName").getValue(2, i)): Text 'Thi B' is set on object 'Object Repository/1412263_Page_Town Square - CNC_Nhom3 Mattermost/input_Nickname_nickname'

2021-05-29 03:54:19 - [MESSAGE][PASSED] - Text 'Thi B' is set on object 'Object Repository/1412263_Page_Town Square - CNC_Nhom3 Mattermost/input_Nickname_nickname'

2021-05-29 03:54:19 - [TEST_STEP][PASSED] - click(findTestObject("1412263_Page_Town Square - CNC_Nhom3 Mattermost/span_Save")): Object: 'Object Repository/1412263_Page_Town Square - CNC_Nhom3 Mattermost/span_Save' is clicked on

2021-05-29 03:54:20 - [MESSAGE][PASSED] - Object: 'Object Repository/1412263_Page_Town Square - CNC_Nhom3 Mattermost/span_Save' is clicked on

2021-05-29 03:54:20 - [TEST_STEP][PASSED] - click(findTestObject("1412263_Page_Town Square - CNC_Nhom3 Mattermost/span_EditNickname")): Object: 'Object Repository/1412263_Page_Town Square - CNC_Nhom3 Mattermost/span_EditNickname' is clicked on

2021-05-29 03:54:21 - [MESSAGE][PASSED] - Object: 'Object Repository/1412263_Page_Town Square - CNC_Nhom3 Mattermost/span_EditNickname' is clicked on

2021-05-29 03:54:21 - [TEST_STEP][PASSED] - setText(findTestObject("1412263_Page_Town Square - CNC_Nhom3 Mattermost/input_Nickname_nickname"), findTestData("1412263/Data TC3 UpdateFullName").getValue(2, i)): Text '346$%%$&><>Z?' is set on object 'Object Repository/1412263_Page_Town Square - CNC_Nhom3 Mattermost/input_Nickname_nickname'

2021-05-29 03:54:22 - [MESSAGE][PASSED] - Text '346$%%$&><>Z?' is set on object 'Object Repository/1412263_Page_Town Square - CNC_Nhom3 Mattermost/input_Nickname_nickname'

2021-05-29 03:54:22 - [TEST_STEP][PASSED] - click(findTestObject("1412263_Page_Town Square - CNC_Nhom3 Mattermost/span_Save")): Object: 'Object Repository/1412263_Page_Town Square - CNC_Nhom3 Mattermost/span_Save' is clicked on

2021-05-29 03:54:23 - [MESSAGE][PASSED] - Object: 'Object Repository/1412263_Page_Town Square - CNC_Nhom3 Mattermost/span_Save' is clicked on

2021-05-29 03:54:23 - [TEST_STEP][PASSED] - click(findTestObject("1412263_Page_Town Square - CNC_Nhom3 Mattermost/span_EditNickname")): Object: 'Object Repository/1412263_Page_Town Square - CNC_Nhom3 Mattermost/span_EditNickname' is clicked on

2021-05-29 03:54:24 - [MESSAGE][PASSED] - Object: 'Object Repository/1412263_Page_Town Square - CNC_Nhom3 Mattermost/span_EditNickname' is clicked on

2021-05-29 03:54:24 - [TEST_STEP][PASSED] - setText(findTestObject("1412263_Page_Town Square - CNC_Nhom3 Mattermost/input_Nickname_nickname"), findTestData("1412263/Data TC3 UpdateFullName").getValue(2, i)): Text 'Nguyen' is set on object 'Object Repository/1412263_Page_Town Square - CNC_Nhom3 Mattermost/input_Nickname_nickname'

2021-05-29 03:54:25 - [MESSAGE][PASSED] - Text 'Nguyen' is set on object 'Object Repository/1412263_Page_Town Square - CNC_Nhom3 Mattermost/input_Nickname_nickname'

2021-05-29 03:54:25 - [TEST_STEP][PASSED] - click(findTestObject("1412263_Page_Town Square - CNC_Nhom3 Mattermost/span_Save")): Object: 'Object Repository/1412263_Page_Town Square - CNC_Nhom3 Mattermost/span_Save' is clicked on

2021-05-29 03:54:26 - [MESSAGE][PASSED] - Object: 'Object Repository/1412263_Page_Town Square - CNC_Nhom3 Mattermost/span_Save' is clicked on

2021-05-29 03:54:26 - [TEST_STEP][PASSED] - click(findTestObject("1412263_Page_Town Square - CNC_Nhom3 Mattermost/span_")): Object: 'Object Repository/1412263_Page_Town Square - CNC_Nhom3 Mattermost/span_' is clicked on

2021-05-29 03:54:27 - [MESSAGE][PASSED] - Object: 'Object Repository/1412263_Page_Town Square - CNC_Nhom3 Mattermost/span_' is clicked on

2021-05-29 03:54:27 - [TEST_STEP][PASSED] - closeBrowser(): Browser is closed

2021-05-29 03:54:28 - [MESSAGE][PASSED] - Browser is closed]]></system-out>
         <system-err><![CDATA[]]></system-err>
      </testcase>
      <testcase name="Test Cases/1412263/TC05_UpdateUsername" time="18.851" classname="Test Cases/1412263/TC05_UpdateUsername" status="PASSED">
         <system-out><![CDATA[2021-05-29 03:54:28 - [TEST_CASE][PASSED] - Test Cases/1412263/TC05_UpdateUsername: Test Cases/1412263/TC05_UpdateUsername

2021-05-29 03:54:28 - [TEST_STEP][PASSED] - openBrowser(""): Browser is opened with url: ''

2021-05-29 03:54:28 - [MESSAGE][INFO] - Starting 'Chrome' driver

2021-05-29 03:54:28 - [MESSAGE][INFO] - Action delay is set to 0 milliseconds

2021-05-29 03:54:30 - [MESSAGE][PASSED] - Browser is opened with url: ''

2021-05-29 03:54:30 - [TEST_STEP][PASSED] - navigateToUrl("http://mattermostwebapp.herokuapp.com/"): Navigate to 'http://mattermostwebapp.herokuapp.com/' successfully

2021-05-29 03:54:33 - [MESSAGE][PASSED] - Navigate to 'http://mattermostwebapp.herokuapp.com/' successfully

2021-05-29 03:54:33 - [TEST_STEP][PASSED] - setText(findTestObject("1412263_Page_Mattermost/input_All team communication in one place, _dcc84b"), "huykhoi263"): Text 'huykhoi263' is set on object 'Object Repository/1412263_Page_Mattermost/input_All team communication in one place, _dcc84b'

2021-05-29 03:54:37 - [MESSAGE][PASSED] - Text 'huykhoi263' is set on object 'Object Repository/1412263_Page_Mattermost/input_All team communication in one place, _dcc84b'

2021-05-29 03:54:37 - [TEST_STEP][PASSED] - setEncryptedText(findTestObject("1412263_Page_Mattermost/input_All team communication in one place, _a3edc6"), "o1rBehR+FzY2ClyWuSUtzg=="): Text ****** has been set on object 'Object Repository/1412263_Page_Mattermost/input_All team communication in one place, _a3edc6'

2021-05-29 03:54:38 - [MESSAGE][PASSED] - Text ****** has been set on object 'Object Repository/1412263_Page_Mattermost/input_All team communication in one place, _a3edc6'

2021-05-29 03:54:38 - [TEST_STEP][PASSED] - click(findTestObject("1412263_Page_Mattermost/span_Sign in")): Object: 'Object Repository/1412263_Page_Mattermost/span_Sign in' is clicked on

2021-05-29 03:54:39 - [MESSAGE][PASSED] - Object: 'Object Repository/1412263_Page_Mattermost/span_Sign in' is clicked on

2021-05-29 03:54:39 - [TEST_STEP][PASSED] - click(findTestObject("1412263_Page_Town Square - CNC_Nhom3 Mattermost/span")): Object: 'Object Repository/1412263_Page_Town Square - CNC_Nhom3 Mattermost/span' is clicked on

2021-05-29 03:54:43 - [MESSAGE][PASSED] - Object: 'Object Repository/1412263_Page_Town Square - CNC_Nhom3 Mattermost/span' is clicked on

2021-05-29 03:54:43 - [TEST_STEP][PASSED] - click(findTestObject("1412263_Page_Town Square - CNC_Nhom3 Mattermost/button_Account Settings")): Object: 'Object Repository/1412263_Page_Town Square - CNC_Nhom3 Mattermost/button_Account Settings' is clicked on

2021-05-29 03:54:43 - [MESSAGE][PASSED] - Object: 'Object Repository/1412263_Page_Town Square - CNC_Nhom3 Mattermost/button_Account Settings' is clicked on

2021-05-29 03:54:43 - [TEST_STEP][PASSED] - click(findTestObject("1412263_Page_Town Square - CNC_Nhom3 Mattermost/span_EditUsername")): Object: 'Object Repository/1412263_Page_Town Square - CNC_Nhom3 Mattermost/span_EditUsername' is clicked on

2021-05-29 03:54:44 - [MESSAGE][PASSED] - Object: 'Object Repository/1412263_Page_Town Square - CNC_Nhom3 Mattermost/span_EditUsername' is clicked on

2021-05-29 03:54:44 - [TEST_STEP][PASSED] - setText(findTestObject("1412263_Page_Town Square - CNC_Nhom3 Mattermost/input_Username_username"), "huykhoi263"): Text 'huykhoi263' is set on object 'Object Repository/1412263_Page_Town Square - CNC_Nhom3 Mattermost/input_Username_username'

2021-05-29 03:54:45 - [MESSAGE][PASSED] - Text 'huykhoi263' is set on object 'Object Repository/1412263_Page_Town Square - CNC_Nhom3 Mattermost/input_Username_username'

2021-05-29 03:54:45 - [TEST_STEP][PASSED] - click(findTestObject("1412263_Page_Town Square - CNC_Nhom3 Mattermost/button_Save")): Object: 'Object Repository/1412263_Page_Town Square - CNC_Nhom3 Mattermost/button_Save' is clicked on

2021-05-29 03:54:45 - [MESSAGE][PASSED] - Object: 'Object Repository/1412263_Page_Town Square - CNC_Nhom3 Mattermost/button_Save' is clicked on

2021-05-29 03:54:45 - [TEST_STEP][PASSED] - click(findTestObject("1412263_Page_Town Square - CNC_Nhom3 Mattermost/span_")): Object: 'Object Repository/1412263_Page_Town Square - CNC_Nhom3 Mattermost/span_' is clicked on

2021-05-29 03:54:46 - [MESSAGE][PASSED] - Object: 'Object Repository/1412263_Page_Town Square - CNC_Nhom3 Mattermost/span_' is clicked on

2021-05-29 03:54:46 - [TEST_STEP][PASSED] - closeBrowser(): Browser is closed

2021-05-29 03:54:47 - [MESSAGE][PASSED] - Browser is closed]]></system-out>
         <system-err><![CDATA[]]></system-err>
      </testcase>
      <testcase name="Test Cases/1412263/TC06_UpdatePosition" time="19.24" classname="Test Cases/1412263/TC06_UpdatePosition" status="PASSED">
         <system-out><![CDATA[2021-05-29 03:54:47 - [TEST_CASE][PASSED] - Test Cases/1412263/TC06_UpdatePosition: Test Cases/1412263/TC06_UpdatePosition

2021-05-29 03:54:47 - [TEST_STEP][PASSED] - openBrowser(""): Browser is opened with url: ''

2021-05-29 03:54:47 - [MESSAGE][INFO] - Starting 'Chrome' driver

2021-05-29 03:54:47 - [MESSAGE][INFO] - Action delay is set to 0 milliseconds

2021-05-29 03:54:49 - [MESSAGE][PASSED] - Browser is opened with url: ''

2021-05-29 03:54:49 - [TEST_STEP][PASSED] - navigateToUrl("http://mattermostwebapp.herokuapp.com/"): Navigate to 'http://mattermostwebapp.herokuapp.com/' successfully

2021-05-29 03:54:52 - [MESSAGE][PASSED] - Navigate to 'http://mattermostwebapp.herokuapp.com/' successfully

2021-05-29 03:54:52 - [TEST_STEP][PASSED] - setText(findTestObject("1412263_Page_Mattermost/input_All team communication in one place, _dcc84b"), "huykhoi263"): Text 'huykhoi263' is set on object 'Object Repository/1412263_Page_Mattermost/input_All team communication in one place, _dcc84b'

2021-05-29 03:54:57 - [MESSAGE][PASSED] - Text 'huykhoi263' is set on object 'Object Repository/1412263_Page_Mattermost/input_All team communication in one place, _dcc84b'

2021-05-29 03:54:57 - [TEST_STEP][PASSED] - setEncryptedText(findTestObject("1412263_Page_Mattermost/input_All team communication in one place, _a3edc6"), "o1rBehR+FzY2ClyWuSUtzg=="): Text ****** has been set on object 'Object Repository/1412263_Page_Mattermost/input_All team communication in one place, _a3edc6'

2021-05-29 03:54:57 - [MESSAGE][PASSED] - Text ****** has been set on object 'Object Repository/1412263_Page_Mattermost/input_All team communication in one place, _a3edc6'

2021-05-29 03:54:57 - [TEST_STEP][PASSED] - sendKeys(findTestObject("1412263_Page_Mattermost/input_All team communication in one place, _a3edc6"), Keys.chord(ENTER)): Keys 'ENTER + ' sent to object: 'Object Repository/1412263_Page_Mattermost/input_All team communication in one place, _a3edc6'

2021-05-29 03:54:58 - [MESSAGE][PASSED] - Keys 'ENTER + ' sent to object: 'Object Repository/1412263_Page_Mattermost/input_All team communication in one place, _a3edc6'

2021-05-29 03:54:58 - [TEST_STEP][PASSED] - click(findTestObject("1412263_Page_Town Square - CNC_Nhom3 Mattermost/button_huykhoi263_style--none sidebar-heade_fefe58")): Object: 'Object Repository/1412263_Page_Town Square - CNC_Nhom3 Mattermost/button_huykhoi263_style--none sidebar-heade_fefe58' is clicked on

2021-05-29 03:55:02 - [MESSAGE][PASSED] - Object: 'Object Repository/1412263_Page_Town Square - CNC_Nhom3 Mattermost/button_huykhoi263_style--none sidebar-heade_fefe58' is clicked on

2021-05-29 03:55:02 - [TEST_STEP][PASSED] - click(findTestObject("1412263_Page_Town Square - CNC_Nhom3 Mattermost/button_Account Settings")): Object: 'Object Repository/1412263_Page_Town Square - CNC_Nhom3 Mattermost/button_Account Settings' is clicked on

2021-05-29 03:55:02 - [MESSAGE][PASSED] - Object: 'Object Repository/1412263_Page_Town Square - CNC_Nhom3 Mattermost/button_Account Settings' is clicked on

2021-05-29 03:55:02 - [TEST_STEP][PASSED] - click(findTestObject("1412263_Page_Town Square - CNC_Nhom3 Mattermost/span_EditPosition")): Object: 'Object Repository/1412263_Page_Town Square - CNC_Nhom3 Mattermost/span_EditPosition' is clicked on

2021-05-29 03:55:03 - [MESSAGE][PASSED] - Object: 'Object Repository/1412263_Page_Town Square - CNC_Nhom3 Mattermost/span_EditPosition' is clicked on

2021-05-29 03:55:03 - [TEST_STEP][PASSED] - setText(findTestObject("1412263_Page_Town Square - CNC_Nhom3 Mattermost/input_Position_position"), "student"): Text 'student' is set on object 'Object Repository/1412263_Page_Town Square - CNC_Nhom3 Mattermost/input_Position_position'

2021-05-29 03:55:04 - [MESSAGE][PASSED] - Text 'student' is set on object 'Object Repository/1412263_Page_Town Square - CNC_Nhom3 Mattermost/input_Position_position'

2021-05-29 03:55:04 - [TEST_STEP][PASSED] - click(findTestObject("1412263_Page_Town Square - CNC_Nhom3 Mattermost/span_Save")): Object: 'Object Repository/1412263_Page_Town Square - CNC_Nhom3 Mattermost/span_Save' is clicked on

2021-05-29 03:55:05 - [MESSAGE][PASSED] - Object: 'Object Repository/1412263_Page_Town Square - CNC_Nhom3 Mattermost/span_Save' is clicked on

2021-05-29 03:55:05 - [TEST_STEP][PASSED] - click(findTestObject("1412263_Page_Town Square - CNC_Nhom3 Mattermost/span_")): Object: 'Object Repository/1412263_Page_Town Square - CNC_Nhom3 Mattermost/span_' is clicked on

2021-05-29 03:55:05 - [MESSAGE][PASSED] - Object: 'Object Repository/1412263_Page_Town Square - CNC_Nhom3 Mattermost/span_' is clicked on

2021-05-29 03:55:05 - [TEST_STEP][PASSED] - closeBrowser(): Browser is closed

2021-05-29 03:55:06 - [MESSAGE][PASSED] - Browser is closed]]></system-out>
         <system-err><![CDATA[]]></system-err>
      </testcase>
      <testcase name="Test Cases/1412263/TC07_UpdateEmail" time="20.764" classname="Test Cases/1412263/TC07_UpdateEmail" status="PASSED">
         <system-out><![CDATA[2021-05-29 03:55:06 - [TEST_CASE][PASSED] - Test Cases/1412263/TC07_UpdateEmail: Test Cases/1412263/TC07_UpdateEmail

2021-05-29 03:55:07 - [TEST_STEP][PASSED] - openBrowser(""): Browser is opened with url: ''

2021-05-29 03:55:07 - [MESSAGE][INFO] - Starting 'Chrome' driver

2021-05-29 03:55:07 - [MESSAGE][INFO] - Action delay is set to 0 milliseconds

2021-05-29 03:55:08 - [MESSAGE][PASSED] - Browser is opened with url: ''

2021-05-29 03:55:08 - [TEST_STEP][PASSED] - navigateToUrl("http://mattermostwebapp.herokuapp.com/"): Navigate to 'http://mattermostwebapp.herokuapp.com/' successfully

2021-05-29 03:55:11 - [MESSAGE][PASSED] - Navigate to 'http://mattermostwebapp.herokuapp.com/' successfully

2021-05-29 03:55:11 - [TEST_STEP][PASSED] - setText(findTestObject("1412263_Page_Mattermost/input_All team communication in one place, _dcc84b"), "huykhoi263"): Text 'huykhoi263' is set on object 'Object Repository/1412263_Page_Mattermost/input_All team communication in one place, _dcc84b'

2021-05-29 03:55:16 - [MESSAGE][PASSED] - Text 'huykhoi263' is set on object 'Object Repository/1412263_Page_Mattermost/input_All team communication in one place, _dcc84b'

2021-05-29 03:55:16 - [TEST_STEP][PASSED] - setEncryptedText(findTestObject("1412263_Page_Mattermost/input_All team communication in one place, _a3edc6"), "o1rBehR+FzY2ClyWuSUtzg=="): Text ****** has been set on object 'Object Repository/1412263_Page_Mattermost/input_All team communication in one place, _a3edc6'

2021-05-29 03:55:16 - [MESSAGE][PASSED] - Text ****** has been set on object 'Object Repository/1412263_Page_Mattermost/input_All team communication in one place, _a3edc6'

2021-05-29 03:55:16 - [TEST_STEP][PASSED] - click(findTestObject("1412263_Page_Mattermost/span_Sign in")): Object: 'Object Repository/1412263_Page_Mattermost/span_Sign in' is clicked on

2021-05-29 03:55:17 - [MESSAGE][PASSED] - Object: 'Object Repository/1412263_Page_Mattermost/span_Sign in' is clicked on

2021-05-29 03:55:17 - [TEST_STEP][PASSED] - click(findTestObject("1412263_Page_Town Square - CNC_Nhom3 Mattermost/path")): Object: 'Object Repository/1412263_Page_Town Square - CNC_Nhom3 Mattermost/path' is clicked on

2021-05-29 03:55:21 - [MESSAGE][PASSED] - Object: 'Object Repository/1412263_Page_Town Square - CNC_Nhom3 Mattermost/path' is clicked on

2021-05-29 03:55:21 - [TEST_STEP][PASSED] - click(findTestObject("1412263_Page_Town Square - CNC_Nhom3 Mattermost/button_Account Settings")): Object: 'Object Repository/1412263_Page_Town Square - CNC_Nhom3 Mattermost/button_Account Settings' is clicked on

2021-05-29 03:55:22 - [MESSAGE][PASSED] - Object: 'Object Repository/1412263_Page_Town Square - CNC_Nhom3 Mattermost/button_Account Settings' is clicked on

2021-05-29 03:55:22 - [TEST_STEP][PASSED] - click(findTestObject("1412263_Page_Town Square - CNC_Nhom3 Mattermost/span_EditEmail")): Object: 'Object Repository/1412263_Page_Town Square - CNC_Nhom3 Mattermost/span_EditEmail' is clicked on

2021-05-29 03:55:22 - [MESSAGE][PASSED] - Object: 'Object Repository/1412263_Page_Town Square - CNC_Nhom3 Mattermost/span_EditEmail' is clicked on

2021-05-29 03:55:22 - [TEST_STEP][PASSED] - setText(findTestObject("1412263_Page_Town Square - CNC_Nhom3 Mattermost/input_New Email_primaryEmail"), "huykhoiabca@gmail.com"): Text 'huykhoiabca@gmail.com' is set on object 'Object Repository/1412263_Page_Town Square - CNC_Nhom3 Mattermost/input_New Email_primaryEmail'

2021-05-29 03:55:24 - [MESSAGE][PASSED] - Text 'huykhoiabca@gmail.com' is set on object 'Object Repository/1412263_Page_Town Square - CNC_Nhom3 Mattermost/input_New Email_primaryEmail'

2021-05-29 03:55:24 - [TEST_STEP][PASSED] - setText(findTestObject("1412263_Page_Town Square - CNC_Nhom3 Mattermost/input_Confirm Email_confirmEmail"), "huykhoiabca@gmail.com"): Text 'huykhoiabca@gmail.com' is set on object 'Object Repository/1412263_Page_Town Square - CNC_Nhom3 Mattermost/input_Confirm Email_confirmEmail'

2021-05-29 03:55:25 - [MESSAGE][PASSED] - Text 'huykhoiabca@gmail.com' is set on object 'Object Repository/1412263_Page_Town Square - CNC_Nhom3 Mattermost/input_Confirm Email_confirmEmail'

2021-05-29 03:55:25 - [TEST_STEP][PASSED] - setEncryptedText(findTestObject("1412263_Page_Town Square - CNC_Nhom3 Mattermost/input_Current Password_currentPassword"), "o1rBehR+FzY2ClyWuSUtzg=="): Text ****** has been set on object 'Object Repository/1412263_Page_Town Square - CNC_Nhom3 Mattermost/input_Current Password_currentPassword'

2021-05-29 03:55:25 - [MESSAGE][PASSED] - Text ****** has been set on object 'Object Repository/1412263_Page_Town Square - CNC_Nhom3 Mattermost/input_Current Password_currentPassword'

2021-05-29 03:55:25 - [TEST_STEP][PASSED] - click(findTestObject("1412263_Page_Town Square - CNC_Nhom3 Mattermost/span_Save")): Object: 'Object Repository/1412263_Page_Town Square - CNC_Nhom3 Mattermost/span_Save' is clicked on

2021-05-29 03:55:26 - [MESSAGE][PASSED] - Object: 'Object Repository/1412263_Page_Town Square - CNC_Nhom3 Mattermost/span_Save' is clicked on

2021-05-29 03:55:26 - [TEST_STEP][PASSED] - click(findTestObject("1412263_Page_Town Square - CNC_Nhom3 Mattermost/button_Close")): Object: 'Object Repository/1412263_Page_Town Square - CNC_Nhom3 Mattermost/button_Close' is clicked on

2021-05-29 03:55:26 - [MESSAGE][PASSED] - Object: 'Object Repository/1412263_Page_Town Square - CNC_Nhom3 Mattermost/button_Close' is clicked on

2021-05-29 03:55:26 - [TEST_STEP][PASSED] - closeBrowser(): Browser is closed

2021-05-29 03:55:27 - [MESSAGE][PASSED] - Browser is closed]]></system-out>
         <system-err><![CDATA[]]></system-err>
      </testcase>
      <testcase name="Test Cases/1412263/TC08_ResetPassword" time="75.514" classname="Test Cases/1412263/TC08_ResetPassword" status="PASSED">
         <system-out><![CDATA[2021-05-29 03:55:27 - [TEST_CASE][PASSED] - Test Cases/1412263/TC08_ResetPassword: Test Cases/1412263/TC08_ResetPassword

2021-05-29 03:55:27 - [TEST_STEP][PASSED] - openBrowser(""): Browser is opened with url: ''

2021-05-29 03:55:27 - [MESSAGE][INFO] - Starting 'Chrome' driver

2021-05-29 03:55:27 - [MESSAGE][INFO] - Action delay is set to 0 milliseconds

2021-05-29 03:55:29 - [MESSAGE][PASSED] - Browser is opened with url: ''

2021-05-29 03:55:29 - [TEST_STEP][PASSED] - navigateToUrl("http://mattermostwebapp.herokuapp.com/"): Navigate to 'http://mattermostwebapp.herokuapp.com/' successfully

2021-05-29 03:55:32 - [MESSAGE][PASSED] - Navigate to 'http://mattermostwebapp.herokuapp.com/' successfully

2021-05-29 03:55:32 - [TEST_STEP][PASSED] - setText(findTestObject("1412263_Page_Mattermost/input_All team communication in one place, _dcc84b (1)"), "huykhoi263"): Text 'huykhoi263' is set on object 'Object Repository/1412263_Page_Mattermost/input_All team communication in one place, _dcc84b (1)'

2021-05-29 03:55:36 - [MESSAGE][PASSED] - Text 'huykhoi263' is set on object 'Object Repository/1412263_Page_Mattermost/input_All team communication in one place, _dcc84b (1)'

2021-05-29 03:55:36 - [TEST_STEP][PASSED] - setEncryptedText(findTestObject("1412263_Page_Mattermost/input_All team communication in one place, _a3edc6 (1)"), "o1rBehR+FzY2ClyWuSUtzg=="): Text ****** has been set on object 'Object Repository/1412263_Page_Mattermost/input_All team communication in one place, _a3edc6 (1)'

2021-05-29 03:55:36 - [MESSAGE][PASSED] - Text ****** has been set on object 'Object Repository/1412263_Page_Mattermost/input_All team communication in one place, _a3edc6 (1)'

2021-05-29 03:55:36 - [TEST_STEP][PASSED] - click(findTestObject("1412263_Page_Mattermost/span_Sign in (1)")): Object: 'Object Repository/1412263_Page_Mattermost/span_Sign in (1)' is clicked on

2021-05-29 03:56:08 - [MESSAGE][INFO] - Unable to find the element located by 'By.xpath: //button[@id='login']/span'. Please recheck the objects properties to make sure the desired element is located. 

2021-05-29 03:56:08 - [MESSAGE][WARNING] - [SELF-HEALING] Failed to find element with id 'Object Repository/1412263_Page_Mattermost/span_Sign in (1)'. Try using Self-healing.

2021-05-29 03:56:08 - [MESSAGE][ERROR] - [SELF-HEALING] com.google.gson.stream.MalformedJsonException: Expected ':' at line 75 column 10 path $.brokenTestObjects[7].<<<<<<<

2021-05-29 03:56:08 - [MESSAGE][INFO] - [SELF-HEALING] Working Locator: '//button[@id='loginButton']/span'.

2021-05-29 03:56:08 - [MESSAGE][INFO] - [SELF-HEALING] Screenshot: C:/Users/phuc/git/Mattermost_AutoTesting/Reports/Self-healing/Object Repository/1412263_Page_Mattermost/span_Sign in (1)_idRelative.png

2021-05-29 03:56:08 - [MESSAGE][ERROR] - [SELF-HEALING] com.google.gson.stream.MalformedJsonException: Expected ':' at line 75 column 10 path $.brokenTestObjects[7].<<<<<<<

2021-05-29 03:56:08 - [MESSAGE][ERROR] - [SELF-HEALING] C:\Users\phuc\git\Mattermost_AutoTesting\Reports\Self-healing\broken-test-objects.json does not exist or is provided by Self-healing Plugin!

2021-05-29 03:56:08 - [MESSAGE][WARNING] - [SELF-HEALING] The current locator of test object 'Object Repository/1412263_Page_Mattermost/span_Sign in (1)' was broken. Propose an alternative one: '//button[@id='loginButton']/span'.

2021-05-29 03:56:08 - [MESSAGE][PASSED] - Object: 'Object Repository/1412263_Page_Mattermost/span_Sign in (1)' is clicked on

2021-05-29 03:56:08 - [TEST_STEP][PASSED] - click(findTestObject("1412263_Page_Town Square - CNC_Nhom3 Mattermost/path")): Object: 'Object Repository/1412263_Page_Town Square - CNC_Nhom3 Mattermost/path' is clicked on

2021-05-29 03:56:12 - [MESSAGE][PASSED] - Object: 'Object Repository/1412263_Page_Town Square - CNC_Nhom3 Mattermost/path' is clicked on

2021-05-29 03:56:12 - [TEST_STEP][PASSED] - click(findTestObject("1412263_Page_Town Square - CNC_Nhom3 Mattermost/span_System Console")): Object: 'Object Repository/1412263_Page_Town Square - CNC_Nhom3 Mattermost/span_System Console' is clicked on

2021-05-29 03:56:13 - [MESSAGE][PASSED] - Object: 'Object Repository/1412263_Page_Town Square - CNC_Nhom3 Mattermost/span_System Console' is clicked on

2021-05-29 03:56:13 - [TEST_STEP][PASSED] - click(findTestObject("1412263_Page_System Console - Mattermost/a_Users")): Object: 'Object Repository/1412263_Page_System Console - Mattermost/a_Users' is clicked on

2021-05-29 03:56:15 - [MESSAGE][PASSED] - Object: 'Object Repository/1412263_Page_System Console - Mattermost/a_Users' is clicked on

2021-05-29 03:56:15 - [TEST_STEP][PASSED] - for ([i = 1, i <= 5, (i++)]): null

2021-05-29 03:56:15 - [TEST_STEP][PASSED] - click(findTestObject("1412263_Page_System Console - Mattermost/a_System Admin")): Object: 'Object Repository/1412263_Page_System Console - Mattermost/a_System Admin' is clicked on

2021-05-29 03:56:16 - [MESSAGE][PASSED] - Object: 'Object Repository/1412263_Page_System Console - Mattermost/a_System Admin' is clicked on

2021-05-29 03:56:16 - [TEST_STEP][PASSED] - click(findTestObject("1412263_Page_System Console - Mattermost/span_Reset Password")): Object: 'Object Repository/1412263_Page_System Console - Mattermost/span_Reset Password' is clicked on

2021-05-29 03:56:17 - [MESSAGE][PASSED] - Object: 'Object Repository/1412263_Page_System Console - Mattermost/span_Reset Password' is clicked on

2021-05-29 03:56:17 - [TEST_STEP][PASSED] - setEncryptedText(findTestObject("1412263_Page_System Console - Mattermost/input_New Password_form-control"), findTestData("1412263/Data TC8 ResetPassword").getValue(1, i)): Text ****** has been set on object 'Object Repository/1412263_Page_System Console - Mattermost/input_New Password_form-control'

2021-05-29 03:56:17 - [MESSAGE][PASSED] - Text ****** has been set on object 'Object Repository/1412263_Page_System Console - Mattermost/input_New Password_form-control'

2021-05-29 03:56:17 - [TEST_STEP][PASSED] - click(findTestObject("1412263_Page_System Console - Mattermost/button_Reset")): Object: 'Object Repository/1412263_Page_System Console - Mattermost/button_Reset' is clicked on

2021-05-29 03:56:18 - [MESSAGE][PASSED] - Object: 'Object Repository/1412263_Page_System Console - Mattermost/button_Reset' is clicked on

2021-05-29 03:56:18 - [TEST_STEP][PASSED] - Thread.sleep(3000): null

2021-05-29 03:56:21 - [TEST_STEP][PASSED] - click(findTestObject("1412263_Page_System Console - Mattermost/a_System Admin")): Object: 'Object Repository/1412263_Page_System Console - Mattermost/a_System Admin' is clicked on

2021-05-29 03:56:21 - [MESSAGE][PASSED] - Object: 'Object Repository/1412263_Page_System Console - Mattermost/a_System Admin' is clicked on

2021-05-29 03:56:21 - [TEST_STEP][PASSED] - click(findTestObject("1412263_Page_System Console - Mattermost/span_Reset Password")): Object: 'Object Repository/1412263_Page_System Console - Mattermost/span_Reset Password' is clicked on

2021-05-29 03:56:22 - [MESSAGE][PASSED] - Object: 'Object Repository/1412263_Page_System Console - Mattermost/span_Reset Password' is clicked on

2021-05-29 03:56:22 - [TEST_STEP][PASSED] - setEncryptedText(findTestObject("1412263_Page_System Console - Mattermost/input_New Password_form-control"), findTestData("1412263/Data TC8 ResetPassword").getValue(1, i)): Text ****** has been set on object 'Object Repository/1412263_Page_System Console - Mattermost/input_New Password_form-control'

2021-05-29 03:56:23 - [MESSAGE][PASSED] - Text ****** has been set on object 'Object Repository/1412263_Page_System Console - Mattermost/input_New Password_form-control'

2021-05-29 03:56:23 - [TEST_STEP][PASSED] - click(findTestObject("1412263_Page_System Console - Mattermost/button_Reset")): Object: 'Object Repository/1412263_Page_System Console - Mattermost/button_Reset' is clicked on

2021-05-29 03:56:23 - [MESSAGE][PASSED] - Object: 'Object Repository/1412263_Page_System Console - Mattermost/button_Reset' is clicked on

2021-05-29 03:56:23 - [TEST_STEP][PASSED] - Thread.sleep(3000): null

2021-05-29 03:56:26 - [TEST_STEP][PASSED] - click(findTestObject("1412263_Page_System Console - Mattermost/a_System Admin")): Object: 'Object Repository/1412263_Page_System Console - Mattermost/a_System Admin' is clicked on

2021-05-29 03:56:26 - [MESSAGE][PASSED] - Object: 'Object Repository/1412263_Page_System Console - Mattermost/a_System Admin' is clicked on

2021-05-29 03:56:26 - [TEST_STEP][PASSED] - click(findTestObject("1412263_Page_System Console - Mattermost/span_Reset Password")): Object: 'Object Repository/1412263_Page_System Console - Mattermost/span_Reset Password' is clicked on

2021-05-29 03:56:27 - [MESSAGE][PASSED] - Object: 'Object Repository/1412263_Page_System Console - Mattermost/span_Reset Password' is clicked on

2021-05-29 03:56:27 - [TEST_STEP][PASSED] - setEncryptedText(findTestObject("1412263_Page_System Console - Mattermost/input_New Password_form-control"), findTestData("1412263/Data TC8 ResetPassword").getValue(1, i)): Text ****** has been set on object 'Object Repository/1412263_Page_System Console - Mattermost/input_New Password_form-control'

2021-05-29 03:56:28 - [MESSAGE][PASSED] - Text ****** has been set on object 'Object Repository/1412263_Page_System Console - Mattermost/input_New Password_form-control'

2021-05-29 03:56:28 - [TEST_STEP][PASSED] - click(findTestObject("1412263_Page_System Console - Mattermost/button_Reset")): Object: 'Object Repository/1412263_Page_System Console - Mattermost/button_Reset' is clicked on

2021-05-29 03:56:28 - [MESSAGE][PASSED] - Object: 'Object Repository/1412263_Page_System Console - Mattermost/button_Reset' is clicked on

2021-05-29 03:56:28 - [TEST_STEP][PASSED] - Thread.sleep(3000): null

2021-05-29 03:56:31 - [TEST_STEP][PASSED] - click(findTestObject("1412263_Page_System Console - Mattermost/a_System Admin")): Object: 'Object Repository/1412263_Page_System Console - Mattermost/a_System Admin' is clicked on

2021-05-29 03:56:32 - [MESSAGE][PASSED] - Object: 'Object Repository/1412263_Page_System Console - Mattermost/a_System Admin' is clicked on

2021-05-29 03:56:32 - [TEST_STEP][PASSED] - click(findTestObject("1412263_Page_System Console - Mattermost/span_Reset Password")): Object: 'Object Repository/1412263_Page_System Console - Mattermost/span_Reset Password' is clicked on

2021-05-29 03:56:32 - [MESSAGE][PASSED] - Object: 'Object Repository/1412263_Page_System Console - Mattermost/span_Reset Password' is clicked on

2021-05-29 03:56:32 - [TEST_STEP][PASSED] - setEncryptedText(findTestObject("1412263_Page_System Console - Mattermost/input_New Password_form-control"), findTestData("1412263/Data TC8 ResetPassword").getValue(1, i)): Text ****** has been set on object 'Object Repository/1412263_Page_System Console - Mattermost/input_New Password_form-control'

2021-05-29 03:56:33 - [MESSAGE][PASSED] - Text ****** has been set on object 'Object Repository/1412263_Page_System Console - Mattermost/input_New Password_form-control'

2021-05-29 03:56:33 - [TEST_STEP][PASSED] - click(findTestObject("1412263_Page_System Console - Mattermost/button_Reset")): Object: 'Object Repository/1412263_Page_System Console - Mattermost/button_Reset' is clicked on

2021-05-29 03:56:33 - [MESSAGE][PASSED] - Object: 'Object Repository/1412263_Page_System Console - Mattermost/button_Reset' is clicked on

2021-05-29 03:56:33 - [TEST_STEP][PASSED] - Thread.sleep(3000): null

2021-05-29 03:56:36 - [TEST_STEP][PASSED] - click(findTestObject("1412263_Page_System Console - Mattermost/a_System Admin")): Object: 'Object Repository/1412263_Page_System Console - Mattermost/a_System Admin' is clicked on

2021-05-29 03:56:37 - [MESSAGE][PASSED] - Object: 'Object Repository/1412263_Page_System Console - Mattermost/a_System Admin' is clicked on

2021-05-29 03:56:37 - [TEST_STEP][PASSED] - click(findTestObject("1412263_Page_System Console - Mattermost/span_Reset Password")): Object: 'Object Repository/1412263_Page_System Console - Mattermost/span_Reset Password' is clicked on

2021-05-29 03:56:38 - [MESSAGE][PASSED] - Object: 'Object Repository/1412263_Page_System Console - Mattermost/span_Reset Password' is clicked on

2021-05-29 03:56:38 - [TEST_STEP][PASSED] - setEncryptedText(findTestObject("1412263_Page_System Console - Mattermost/input_New Password_form-control"), findTestData("1412263/Data TC8 ResetPassword").getValue(1, i)): Text ****** has been set on object 'Object Repository/1412263_Page_System Console - Mattermost/input_New Password_form-control'

2021-05-29 03:56:38 - [MESSAGE][PASSED] - Text ****** has been set on object 'Object Repository/1412263_Page_System Console - Mattermost/input_New Password_form-control'

2021-05-29 03:56:38 - [TEST_STEP][PASSED] - click(findTestObject("1412263_Page_System Console - Mattermost/button_Reset")): Object: 'Object Repository/1412263_Page_System Console - Mattermost/button_Reset' is clicked on

2021-05-29 03:56:39 - [MESSAGE][PASSED] - Object: 'Object Repository/1412263_Page_System Console - Mattermost/button_Reset' is clicked on

2021-05-29 03:56:39 - [TEST_STEP][PASSED] - Thread.sleep(3000): null

2021-05-29 03:56:42 - [TEST_STEP][PASSED] - closeBrowser(): Browser is closed

2021-05-29 03:56:42 - [MESSAGE][PASSED] - Browser is closed]]></system-out>
         <system-err><![CDATA[]]></system-err>
      </testcase>
      <testcase name="Test Cases/1412263/TC09_ChangeLoginAttempt" time="22.459" classname="Test Cases/1412263/TC09_ChangeLoginAttempt" status="PASSED">
         <system-out><![CDATA[2021-05-29 03:56:42 - [TEST_CASE][PASSED] - Test Cases/1412263/TC09_ChangeLoginAttempt: Test Cases/1412263/TC09_ChangeLoginAttempt

2021-05-29 03:56:43 - [TEST_STEP][PASSED] - openBrowser(""): Browser is opened with url: ''

2021-05-29 03:56:43 - [MESSAGE][INFO] - Starting 'Chrome' driver

2021-05-29 03:56:43 - [MESSAGE][INFO] - Action delay is set to 0 milliseconds

2021-05-29 03:56:44 - [MESSAGE][PASSED] - Browser is opened with url: ''

2021-05-29 03:56:44 - [TEST_STEP][PASSED] - navigateToUrl("http://mattermostwebapp.herokuapp.com/"): Navigate to 'http://mattermostwebapp.herokuapp.com/' successfully

2021-05-29 03:56:48 - [MESSAGE][PASSED] - Navigate to 'http://mattermostwebapp.herokuapp.com/' successfully

2021-05-29 03:56:48 - [TEST_STEP][PASSED] - setText(findTestObject("Object Repository/Page_Mattermost/input_All team communication in one place, _dcc84b"), "huykhoi263"): Text 'huykhoi263' is set on object 'Object Repository/Page_Mattermost/input_All team communication in one place, _dcc84b'

2021-05-29 03:56:54 - [MESSAGE][PASSED] - Text 'huykhoi263' is set on object 'Object Repository/Page_Mattermost/input_All team communication in one place, _dcc84b'

2021-05-29 03:56:54 - [TEST_STEP][PASSED] - setEncryptedText(findTestObject("Object Repository/Page_Mattermost/input_All team communication in one place, _a3edc6"), "o1rBehR+FzY2ClyWuSUtzg=="): Text ****** has been set on object 'Object Repository/Page_Mattermost/input_All team communication in one place, _a3edc6'

2021-05-29 03:56:55 - [MESSAGE][PASSED] - Text ****** has been set on object 'Object Repository/Page_Mattermost/input_All team communication in one place, _a3edc6'

2021-05-29 03:56:55 - [TEST_STEP][PASSED] - sendKeys(findTestObject("Object Repository/Page_Mattermost/input_All team communication in one place, _a3edc6"), Keys.chord(ENTER)): Keys 'ENTER + ' sent to object: 'Object Repository/Page_Mattermost/input_All team communication in one place, _a3edc6'

2021-05-29 03:56:55 - [MESSAGE][PASSED] - Keys 'ENTER + ' sent to object: 'Object Repository/Page_Mattermost/input_All team communication in one place, _a3edc6'

2021-05-29 03:56:55 - [TEST_STEP][PASSED] - click(findTestObject("1412263_Page_Town Square - CNC_Nhom3 Mattermost/path")): Object: 'Object Repository/1412263_Page_Town Square - CNC_Nhom3 Mattermost/path' is clicked on

2021-05-29 03:57:00 - [MESSAGE][PASSED] - Object: 'Object Repository/1412263_Page_Town Square - CNC_Nhom3 Mattermost/path' is clicked on

2021-05-29 03:57:00 - [TEST_STEP][PASSED] - click(findTestObject("1412263_Page_Town Square - CNC_Nhom3 Mattermost/span_System Console")): Object: 'Object Repository/1412263_Page_Town Square - CNC_Nhom3 Mattermost/span_System Console' is clicked on

[...]

2021-05-29 04:20:26 - [TEST_STEP][PASSED] - loginResponse = sendRequest(findTestObject("Object Repository/1712666_API_Mattermost/CommonAPI/Common_LoginAPI")): Send request successfully

2021-05-29 04:20:29 - [MESSAGE][INFO] - HAR: C:\Users\phuc\git\Mattermost_AutoTesting\Reports\20210529_035156\1712666\Run_All_Test_Cases\20210529_035156\requests\main\0.har

2021-05-29 04:20:29 - [MESSAGE][PASSED] - Send request successfully

2021-05-29 04:20:29 - [TEST_STEP][PASSED] - parsed = loginResponse.getHeaderFields(): null

2021-05-29 04:20:29 - [TEST_STEP][PASSED] - tokenAPI = Token: null

2021-05-29 04:20:29 - [TEST_STEP][PASSED] - token = "Bearer " + tokenAPI.substring(1, tokenAPI.length() - 1): null

2021-05-29 04:20:29 - [TEST_STEP][PASSED] - changeNameRequest = findTestObject("1712666_API_Mattermost/ChangeNameAPI"): null

2021-05-29 04:20:29 - [TEST_STEP][PASSED] - HTTPHeader = new java.util.ArrayList(): null

2021-05-29 04:20:29 - [TEST_STEP][PASSED] - authorizationTest = new com.kms.katalon.core.testobject.TestObjectProperty(Authorization, com.kms.katalon.core.testobject.ConditionType.EQUALS, token): null

2021-05-29 04:20:29 - [TEST_STEP][PASSED] - HTTPHeader.add(authorizationTest): null

2021-05-29 04:20:29 - [TEST_STEP][PASSED] - changeNameRequest.setHttpHeaderProperties(HTTPHeader): null

2021-05-29 04:20:29 - [TEST_STEP][PASSED] - response = sendRequest(changeNameRequest): Send request successfully

2021-05-29 04:20:30 - [MESSAGE][INFO] - HAR: C:\Users\phuc\git\Mattermost_AutoTesting\Reports\20210529_035156\1712666\Run_All_Test_Cases\20210529_035156\requests\main\1.har

2021-05-29 04:20:30 - [MESSAGE][PASSED] - Send request successfully

2021-05-29 04:20:30 - [TEST_STEP][PASSED] - verifyElementPropertyValue(response, "first_name", "test first name"): Verify element property value successfully

2021-05-29 04:20:30 - [MESSAGE][PASSED] - Verify element property value successfully

2021-05-29 04:20:30 - [TEST_STEP][PASSED] - verifyElementPropertyValue(response, "last_name", "test last name"): Verify element property value successfully

2021-05-29 04:20:31 - [MESSAGE][PASSED] - Verify element property value successfully]]></system-out>
         <system-err><![CDATA[]]></system-err>
      </testcase>
      <testcase name="Test Cases/1712666/TC56_SearchUserAPI" time="3.179" classname="Test Cases/1712666/TC56_SearchUserAPI" status="PASSED">
         <system-out><![CDATA[2021-05-29 04:20:31 - [TEST_CASE][PASSED] - Test Cases/1712666/TC56_SearchUserAPI: Test Cases/1712666/TC56_SearchUserAPI

2021-05-29 04:20:31 - [TEST_STEP][PASSED] - loginResponse = sendRequest(findTestObject("Object Repository/1712666_API_Mattermost/CommonAPI/Common_LoginAPI")): Send request successfully

2021-05-29 04:20:32 - [MESSAGE][INFO] - HAR: C:\Users\phuc\git\Mattermost_AutoTesting\Reports\20210529_035156\1712666\Run_All_Test_Cases\20210529_035156\requests\main\2.har

2021-05-29 04:20:32 - [MESSAGE][PASSED] - Send request successfully

2021-05-29 04:20:32 - [TEST_STEP][PASSED] - parsed = loginResponse.getHeaderFields(): null

2021-05-29 04:20:32 - [TEST_STEP][PASSED] - tokenAPI = Token: null

2021-05-29 04:20:32 - [TEST_STEP][PASSED] - token = "Bearer " + tokenAPI.substring(1, tokenAPI.length() - 1): null

2021-05-29 04:20:32 - [TEST_STEP][PASSED] - searchUserRequest = findTestObject("1712666_API_Mattermost/SearchUserAPI"): null

2021-05-29 04:20:32 - [TEST_STEP][PASSED] - HTTPHeader = new java.util.ArrayList(): null

2021-05-29 04:20:32 - [TEST_STEP][PASSED] - authorizationTest = new com.kms.katalon.core.testobject.TestObjectProperty(Authorization, com.kms.katalon.core.testobject.ConditionType.EQUALS, token): null

2021-05-29 04:20:32 - [TEST_STEP][PASSED] - HTTPHeader.add(authorizationTest): null

2021-05-29 04:20:32 - [TEST_STEP][PASSED] - searchUserRequest.setHttpHeaderProperties(HTTPHeader): null

2021-05-29 04:20:32 - [TEST_STEP][PASSED] - response = sendRequest(searchUserRequest): Send request successfully

2021-05-29 04:20:34 - [MESSAGE][INFO] - HAR: C:\Users\phuc\git\Mattermost_AutoTesting\Reports\20210529_035156\1712666\Run_All_Test_Cases\20210529_035156\requests\main\3.har

2021-05-29 04:20:34 - [MESSAGE][PASSED] - Send request successfully

2021-05-29 04:20:34 - [TEST_STEP][PASSED] - verifyElementPropertyValue(response, "[0].username", "phuc"): Verify element property value successfully

2021-05-29 04:20:34 - [MESSAGE][PASSED] - Verify element property value successfully]]></system-out>
         <system-err><![CDATA[]]></system-err>
      </testcase>
      <testcase name="Test Cases/1712666/TC57_SearchPublicChannelAPI" time="3.063" classname="Test Cases/1712666/TC57_SearchPublicChannelAPI" status="PASSED">
         <system-out><![CDATA[2021-05-29 04:20:34 - [TEST_CASE][PASSED] - Test Cases/1712666/TC57_SearchPublicChannelAPI: Test Cases/1712666/TC57_SearchPublicChannelAPI

2021-05-29 04:20:34 - [TEST_STEP][PASSED] - loginResponse = sendRequest(findTestObject("Object Repository/1712666_API_Mattermost/CommonAPI/Common_LoginAPI")): Send request successfully

2021-05-29 04:20:36 - [MESSAGE][INFO] - HAR: C:\Users\phuc\git\Mattermost_AutoTesting\Reports\20210529_035156\1712666\Run_All_Test_Cases\20210529_035156\requests\main\4.har

2021-05-29 04:20:36 - [MESSAGE][PASSED] - Send request successfully

2021-05-29 04:20:36 - [TEST_STEP][PASSED] - parsed = loginResponse.getHeaderFields(): null

2021-05-29 04:20:36 - [TEST_STEP][PASSED] - tokenAPI = Token: null

2021-05-29 04:20:36 - [TEST_STEP][PASSED] - token = "Bearer " + tokenAPI.substring(1, tokenAPI.length() - 1): null

2021-05-29 04:20:36 - [TEST_STEP][PASSED] - searchPublicChannelRequest = findTestObject("1712666_API_Mattermost/SearchPublicChannelAPI"): null

2021-05-29 04:20:36 - [TEST_STEP][PASSED] - HTTPHeader = new java.util.ArrayList(): null

2021-05-29 04:20:36 - [TEST_STEP][PASSED] - authorizationTest = new com.kms.katalon.core.testobject.TestObjectProperty(Authorization, com.kms.katalon.core.testobject.ConditionType.EQUALS, token): null

2021-05-29 04:20:36 - [TEST_STEP][PASSED] - HTTPHeader.add(authorizationTest): null

2021-05-29 04:20:36 - [TEST_STEP][PASSED] - searchPublicChannelRequest.setHttpHeaderProperties(HTTPHeader): null

2021-05-29 04:20:36 - [TEST_STEP][PASSED] - response = sendRequest(searchPublicChannelRequest): Send request successfully

2021-05-29 04:20:37 - [MESSAGE][INFO] - HAR: C:\Users\phuc\git\Mattermost_AutoTesting\Reports\20210529_035156\1712666\Run_All_Test_Cases\20210529_035156\requests\main\5.har

2021-05-29 04:20:37 - [MESSAGE][PASSED] - Send request successfully

2021-05-29 04:20:37 - [TEST_STEP][PASSED] - verifyElementPropertyValue(response, "[0].name", "test1"): Verify element property value successfully

2021-05-29 04:20:37 - [MESSAGE][PASSED] - Verify element property value successfully]]></system-out>
         <system-err><![CDATA[]]></system-err>
      </testcase>
      <testcase name="Test Cases/1712666/TC58_LogoutAPI" time="3.098" classname="Test Cases/1712666/TC58_LogoutAPI" status="PASSED">
         <system-out><![CDATA[2021-05-29 04:20:37 - [TEST_CASE][PASSED] - Test Cases/1712666/TC58_LogoutAPI: Test Cases/1712666/TC58_LogoutAPI

2021-05-29 04:20:37 - [TEST_STEP][PASSED] - loginResponse = sendRequest(findTestObject("Object Repository/1712666_API_Mattermost/CommonAPI/Common_LoginAPI")): Send request successfully

2021-05-29 04:20:39 - [MESSAGE][INFO] - HAR: C:\Users\phuc\git\Mattermost_AutoTesting\Reports\20210529_035156\1712666\Run_All_Test_Cases\20210529_035156\requests\main\6.har

2021-05-29 04:20:39 - [MESSAGE][PASSED] - Send request successfully

2021-05-29 04:20:39 - [TEST_STEP][PASSED] - parsed = loginResponse.getHeaderFields(): null

2021-05-29 04:20:39 - [TEST_STEP][PASSED] - tokenAPI = Token: null

2021-05-29 04:20:39 - [TEST_STEP][PASSED] - token = "Bearer " + tokenAPI.substring(1, tokenAPI.length() - 1): null

2021-05-29 04:20:39 - [TEST_STEP][PASSED] - logoutRequest = findTestObject("1712666_API_Mattermost/LogoutAPI"): null

2021-05-29 04:20:39 - [TEST_STEP][PASSED] - HTTPHeader = new java.util.ArrayList(): null

2021-05-29 04:20:39 - [TEST_STEP][PASSED] - authorizationTest = new com.kms.katalon.core.testobject.TestObjectProperty(Authorization, com.kms.katalon.core.testobject.ConditionType.EQUALS, token): null

2021-05-29 04:20:39 - [TEST_STEP][PASSED] - HTTPHeader.add(authorizationTest): null

2021-05-29 04:20:39 - [TEST_STEP][PASSED] - logoutRequest.setHttpHeaderProperties(HTTPHeader): null

2021-05-29 04:20:39 - [TEST_STEP][PASSED] - response = sendRequest(logoutRequest): Send request successfully

2021-05-29 04:20:40 - [MESSAGE][INFO] - HAR: C:\Users\phuc\git\Mattermost_AutoTesting\Reports\20210529_035156\1712666\Run_All_Test_Cases\20210529_035156\requests\main\7.har

2021-05-29 04:20:40 - [MESSAGE][PASSED] - Send request successfully

2021-05-29 04:20:40 - [TEST_STEP][PASSED] - verifyElementPropertyValue(response, "status", "OK"): Verify element property value successfully

2021-05-29 04:20:40 - [MESSAGE][PASSED] - Verify element property value successfully]]></system-out>
         <system-err><![CDATA[]]></system-err>
      </testcase>
      <testcase name="Test Cases/1412263/TC52_APILogin" time="1.76" classname="Test Cases/1412263/TC52_APILogin" status="PASSED">
         <system-out><![CDATA[2021-05-29 04:20:40 - [TEST_CASE][PASSED] - Test Cases/1412263/TC52_APILogin: Test Cases/1412263/TC52_APILogin

2021-05-29 04:20:40 - [TEST_STEP][PASSED] - sendRequest(findTestObject("1412263_API_Mattermost/API_Login")): Send request successfully

2021-05-29 04:20:42 - [MESSAGE][INFO] - HAR: C:\Users\phuc\git\Mattermost_AutoTesting\Reports\20210529_035156\1712666\Run_All_Test_Cases\20210529_035156\requests\main\8.har

2021-05-29 04:20:42 - [MESSAGE][PASSED] - Send request successfully]]></system-out>
         <system-err><![CDATA[]]></system-err>
      </testcase>
      <testcase name="Test Cases/1412263/TC53_APISignUp" time="1.482" classname="Test Cases/1412263/TC53_APISignUp" status="PASSED">
         <system-out><![CDATA[2021-05-29 04:20:42 - [TEST_CASE][PASSED] - Test Cases/1412263/TC53_APISignUp: Test Cases/1412263/TC53_APISignUp

2021-05-29 04:20:42 - [TEST_STEP][PASSED] - sendRequest(findTestObject("1412263_API_Mattermost/API_SignUp")): Send request successfully

2021-05-29 04:20:43 - [MESSAGE][INFO] - HAR: C:\Users\phuc\git\Mattermost_AutoTesting\Reports\20210529_035156\1712666\Run_All_Test_Cases\20210529_035156\requests\main\9.har

2021-05-29 04:20:43 - [MESSAGE][PASSED] - Send request successfully]]></system-out>
         <system-err><![CDATA[]]></system-err>
      </testcase>
      <testcase name="Test Cases/1412263/TC54_APISendMessage" time="2.593" classname="Test Cases/1412263/TC54_APISendMessage" status="PASSED">
         <system-out><![CDATA[2021-05-29 04:20:43 - [TEST_CASE][PASSED] - Test Cases/1412263/TC54_APISendMessage: Test Cases/1412263/TC54_APISendMessage

2021-05-29 04:20:44 - [TEST_STEP][PASSED] - loginResponse = sendRequest(findTestObject("Object Repository/1412263_API_Mattermost/API_Login")): Send request successfully

2021-05-29 04:20:45 - [MESSAGE][INFO] - HAR: C:\Users\phuc\git\Mattermost_AutoTesting\Reports\20210529_035156\1712666\Run_All_Test_Cases\20210529_035156\requests\main\10.har

2021-05-29 04:20:45 - [MESSAGE][PASSED] - Send request successfully

2021-05-29 04:20:45 - [TEST_STEP][PASSED] - parsed = loginResponse.getHeaderFields(): null

2021-05-29 04:20:45 - [TEST_STEP][PASSED] - tokenAPI = Token: null

2021-05-29 04:20:45 - [TEST_STEP][PASSED] - token = "Bearer " + tokenAPI.substring(1, tokenAPI.length() - 1): null

2021-05-29 04:20:45 - [TEST_STEP][PASSED] - sendMessageRequest = findTestObject("Object Repository/1412263_API_Mattermost/API_SendMessage_2"): null

2021-05-29 04:20:45 - [TEST_STEP][PASSED] - HTTPHeader = new java.util.ArrayList(): null

2021-05-29 04:20:45 - [TEST_STEP][PASSED] - authorizationTest = new com.kms.katalon.core.testobject.TestObjectProperty(Authorization, com.kms.katalon.core.testobject.ConditionType.EQUALS, token): null

2021-05-29 04:20:45 - [TEST_STEP][PASSED] - HTTPHeader.add(authorizationTest): null

2021-05-29 04:20:45 - [TEST_STEP][PASSED] - sendMessageRequest.setHttpHeaderProperties(HTTPHeader): null

2021-05-29 04:20:45 - [TEST_STEP][PASSED] - response = sendRequest(sendMessageRequest): Send request successfully

2021-05-29 04:20:46 - [MESSAGE][INFO] - HAR: C:\Users\phuc\git\Mattermost_AutoTesting\Reports\20210529_035156\1712666\Run_All_Test_Cases\20210529_035156\requests\main\11.har

2021-05-29 04:20:46 - [MESSAGE][PASSED] - Send request successfully

2021-05-29 04:20:46 - [TEST_STEP][PASSED] - verifyElementPropertyValue(response, "channel_id", "3bba45je8pyjtp8s4cgk6iei3c"): Verify element property value successfully

2021-05-29 04:20:46 - [MESSAGE][PASSED] - Verify element property value successfully

2021-05-29 04:20:46 - [TEST_STEP][PASSED] - verifyElementPropertyValue(response, "message", "Coco Jambo"): Verify element property value successfully

2021-05-29 04:20:46 - [MESSAGE][PASSED] - Verify element property value successfully]]></system-out>
         <system-err><![CDATA[]]></system-err>
      </testcase>
      <system-out><![CDATA[2021-05-29 03:52:04 - [TEST_SUITE][FAILED] - Run_All_Test_Cases: Test Cases/1712666/TC11_CreateATeam FAILED.
Reason:
com.kms.katalon.core.exception.StepFailedException: Unable to verify object 'Object Repository/Page_Town Square - abc Mattermost/label_A team with that name already exists' is not present
	at com.kms.katalon.core.webui.keyword.internal.WebUIKeywordMain.stepFailed(WebUIKeywordMain.groovy:64)
	at com.kms.katalon.core.webui.keyword.internal.WebUIKeywordMain.runKeyword(WebUIKeywordMain.groovy:26)
	at com.kms.katalon.core.webui.keyword.internal.WebUIKeywordMain$runKeyword.call(Unknown Source)
	at com.kms.katalon.core.webui.keyword.builtin.VerifyElementNotPresentKeyword.verifyElementNotPresent(VerifyElementNotPresentKeyword.groovy:117)
	at com.kms.katalon.core.webui.keyword.builtin.VerifyElementNotPresentKeyword.execute(VerifyElementNotPresentKeyword.groovy:68)
	at com.kms.katalon.core.keyword.internal.KeywordExecutor.executeKeywordForPlatform(KeywordExecutor.groovy:73)
	at com.kms.katalon.core.webui.keyword.WebUiBuiltInKeywords.verifyElementNotPresent(WebUiBuiltInKeywords.groovy:1496)
	at com.kms.katalon.core.webui.keyword.WebUiBuiltInKeywords$verifyElementNotPresent$6.call(Unknown Source)
	at TC11_CreateATeam.run(TC11_CreateATeam:38)
	at com.kms.katalon.core.main.ScriptEngine.run(ScriptEngine.java:194)
	at com.kms.katalon.core.main.ScriptEngine.runScriptAsRawText(ScriptEngine.java:119)
	at com.kms.katalon.core.main.TestCaseExecutor.runScript(TestCaseExecutor.java:398)
	at com.kms.katalon.core.main.TestCaseExecutor.doExecute(TestCaseExecutor.java:389)
	at com.kms.katalon.core.main.TestCaseExecutor.processExecutionPhase(TestCaseExecutor.java:368)
	at com.kms.katalon.core.main.TestCaseExecutor.accessMainPhase(TestCaseExecutor.java:360)
	at com.kms.katalon.core.main.TestCaseExecutor.execute(TestCaseExecutor.java:255)
	at com.kms.katalon.core.main.TestSuiteExecutor.accessTestCaseMainPhase(TestSuiteExecutor.java:203)
	at com.kms.katalon.core.main.TestSuiteExecutor.accessTestSuiteMainPhase(TestSuiteExecutor.java:152)
	at com.kms.katalon.core.main.TestSuiteExecutor.execute(TestSuiteExecutor.java:95)
	at com.kms.katalon.core.main.TestCaseMain.startTestSuite(TestCaseMain.java:157)
	at com.kms.katalon.core.main.TestCaseMain$startTestSuite$0.call(Unknown Source)
	at TempTestSuite1622235116889.run(TempTestSuite1622235116889.groovy:39)
Caused by: com.kms.katalon.core.exception.StepFailedException: Web element with id: 'Object Repository/Page_Town Square - abc Mattermost/label_A team with that name already exists' located by 'By.xpath: //div[@id='root']/div/div/div/div[3]/div/div/div/form/div/label' is present after '5' second(s)
	at com.kms.katalon.core.webui.keyword.internal.WebUIKeywordMain.stepFailed(WebUIKeywordMain.groovy:64)
	at com.kms.katalon.core.webui.keyword.internal.WebUIKeywordMain$stepFailed$0.call(Unknown Source)
	at com.kms.katalon.core.webui.keyword.builtin.VerifyElementNotPresentKeyword$_verifyElementNotPresent_closure1.doCall(VerifyElementNotPresentKeyword.groovy:106)
	at com.kms.katalon.core.webui.keyword.builtin.VerifyElementNotPresentKeyword$_verifyElementNotPresent_closure1.doCall(VerifyElementNotPresentKeyword.groovy)
	at com.kms.katalon.core.webui.keyword.internal.WebUIKeywordMain.runKeyword(WebUIKeywordMain.groovy:20)
	... 20 more]]></system-out>
      <system-err><![CDATA[2021-05-29 03:52:04 - [TEST_SUITE][FAILED] - Run_All_Test_Cases: Test Cases/1712666/TC11_CreateATeam FAILED.
Reason:
com.kms.katalon.core.exception.StepFailedException: Unable to verify object 'Object Repository/Page_Town Square - abc Mattermost/label_A team with that name already exists' is not present
	at com.kms.katalon.core.webui.keyword.internal.WebUIKeywordMain.stepFailed(WebUIKeywordMain.groovy:64)
	at com.kms.katalon.core.webui.keyword.internal.WebUIKeywordMain.runKeyword(WebUIKeywordMain.groovy:26)
	at com.kms.katalon.core.webui.keyword.internal.WebUIKeywordMain$runKeyword.call(Unknown Source)
	at com.kms.katalon.core.webui.keyword.builtin.VerifyElementNotPresentKeyword.verifyElementNotPresent(VerifyElementNotPresentKeyword.groovy:117)
	at com.kms.katalon.core.webui.keyword.builtin.VerifyElementNotPresentKeyword.execute(VerifyElementNotPresentKeyword.groovy:68)
	at com.kms.katalon.core.keyword.internal.KeywordExecutor.executeKeywordForPlatform(KeywordExecutor.groovy:73)
	at com.kms.katalon.core.webui.keyword.WebUiBuiltInKeywords.verifyElementNotPresent(WebUiBuiltInKeywords.groovy:1496)
	at com.kms.katalon.core.webui.keyword.WebUiBuiltInKeywords$verifyElementNotPresent$6.call(Unknown Source)
	at TC11_CreateATeam.run(TC11_CreateATeam:38)
	at com.kms.katalon.core.main.ScriptEngine.run(ScriptEngine.java:194)
	at com.kms.katalon.core.main.ScriptEngine.runScriptAsRawText(ScriptEngine.java:119)
	at com.kms.katalon.core.main.TestCaseExecutor.runScript(TestCaseExecutor.java:398)
	at com.kms.katalon.core.main.TestCaseExecutor.doExecute(TestCaseExecutor.java:389)
	at com.kms.katalon.core.main.TestCaseExecutor.processExecutionPhase(TestCaseExecutor.java:368)
	at com.kms.katalon.core.main.TestCaseExecutor.accessMainPhase(TestCaseExecutor.java:360)
	at com.kms.katalon.core.main.TestCaseExecutor.execute(TestCaseExecutor.java:255)
	at com.kms.katalon.core.main.TestSuiteExecutor.accessTestCaseMainPhase(TestSuiteExecutor.java:203)
	at com.kms.katalon.core.main.TestSuiteExecutor.accessTestSuiteMainPhase(TestSuiteExecutor.java:152)
	at com.kms.katalon.core.main.TestSuiteExecutor.execute(TestSuiteExecutor.java:95)
	at com.kms.katalon.core.main.TestCaseMain.startTestSuite(TestCaseMain.java:157)
	at com.kms.katalon.core.main.TestCaseMain$startTestSuite$0.call(Unknown Source)
	at TempTestSuite1622235116889.run(TempTestSuite1622235116889.groovy:39)
Caused by: com.kms.katalon.core.exception.StepFailedException: Web element with id: 'Object Repository/Page_Town Square - abc Mattermost/label_A team with that name already exists' located by 'By.xpath: //div[@id='root']/div/div/div/div[3]/div/div/div/form/div/label' is present after '5' second(s)
	at com.kms.katalon.core.webui.keyword.internal.WebUIKeywordMain.stepFailed(WebUIKeywordMain.groovy:64)
	at com.kms.katalon.core.webui.keyword.internal.WebUIKeywordMain$stepFailed$0.call(Unknown Source)
	at com.kms.katalon.core.webui.keyword.builtin.VerifyElementNotPresentKeyword$_verifyElementNotPresent_closure1.doCall(VerifyElementNotPresentKeyword.groovy:106)
	at com.kms.katalon.core.webui.keyword.builtin.VerifyElementNotPresentKeyword$_verifyElementNotPresent_closure1.doCall(VerifyElementNotPresentKeyword.groovy)
	at com.kms.katalon.core.webui.keyword.internal.WebUIKeywordMain.runKeyword(WebUIKeywordMain.groovy:20)
	... 20 more]]></system-err>
   </testsuite>
</testsuites>
